17:08:54 - INFO - Starting: BTST_V1_1DEC
17:09:39 - INFO - Loading 798 CSV files...
17:12:42 - INFO - Generating signals...
17:12:42 - INFO - 2022-01-03: BUY CE @ 101.98
17:12:42 - INFO - 2022-01-04: BUY CE @ 89.28
17:12:42 - INFO - 2022-01-04: SELL NIFTY06JAN2217650CE @ 120.78
17:12:42 - INFO - 2022-01-05: BUY CE @ 39.35
17:12:42 - INFO - 2022-01-05: SELL NIFTY06JAN2217800CE @ 69.99
17:12:42 - INFO - 2022-01-06: BUY PE @ 152.38
17:12:42 - INFO - 2022-01-06: SELL NIFTY06JAN2217950CE @ 3.72
17:12:42 - INFO - 2022-01-07: BUY PE @ 128.57
17:12:42 - INFO - 2022-01-07: SELL NIFTY13JAN2217750PE @ 113.33
17:12:42 - INFO - 2022-01-10: BUY CE @ 121.70
17:12:42 - INFO - 2022-01-10: SELL NIFTY13JAN2217800PE @ 71.18
17:12:42 - INFO - 2022-01-11: BUY CE @ 94.81
17:12:42 - INFO - 2022-01-11: SELL NIFTY13JAN2218000CE @ 131.30
17:12:42 - INFO - 2022-01-12: BUY CE @ 66.28
17:12:42 - INFO - 2022-01-12: SELL NIFTY13JAN2218050CE @ 143.34
17:12:42 - INFO - 2022-01-13: BUY CE @ 157.03
17:12:42 - INFO - 2022-01-13: SELL NIFTY13JAN2218200CE @ 55.45
17:12:42 - INFO - 2022-01-14: BUY CE @ 136.77
17:12:42 - INFO - 2022-01-14: SELL NIFTY20JAN2218250CE @ 93.21
17:12:42 - INFO - 2022-01-17: BUY CE @ 113.78
17:12:42 - INFO - 2022-01-17: SELL NIFTY20JAN2218250CE @ 137.37
17:12:42 - INFO - 2022-01-18: BUY PE @ 89.20
17:12:42 - INFO - 2022-01-18: SELL NIFTY20JAN2218300CE @ 114.34
17:12:42 - INFO - 2022-01-19: BUY PE @ 61.42
17:12:42 - INFO - 2022-01-19: SELL NIFTY20JAN2218100PE @ 119.26
17:12:42 - INFO - 2022-01-20: BUY PE @ 120.43
17:12:42 - INFO - 2022-01-20: SELL NIFTY20JAN2217950PE @ 62.61
17:12:42 - INFO - 2022-01-21: BUY CE @ 138.95
17:12:42 - INFO - 2022-01-21: SELL NIFTY27JAN2217750PE @ 235.61
17:12:42 - INFO - 2022-01-24: BUY PE @ 140.01
17:12:42 - INFO - 2022-01-24: SELL NIFTY27JAN2217650CE @ 95.68
17:12:42 - INFO - 2022-01-25: BUY CE @ 90.51
17:12:42 - INFO - 2022-01-25: SELL NIFTY27JAN2217150PE @ 292.76
17:12:42 - INFO - 2022-01-27: BUY CE @ 275.50
17:12:42 - INFO - 2022-01-27: SELL NIFTY27JAN2217300CE @ 4.16
17:12:42 - INFO - 2022-01-28: BUY PE @ 247.11
17:12:42 - INFO - 2022-01-28: SELL NIFTY03FEB2217100CE @ 338.02
17:12:42 - INFO - 2022-01-31: BUY CE @ 240.18
17:12:42 - INFO - 2022-01-31: SELL NIFTY03FEB2217100PE @ 135.16
17:12:42 - INFO - 2022-02-01: BUY CE @ 130.48
17:12:42 - INFO - 2022-02-01: SELL NIFTY03FEB2217350CE @ 289.12
17:12:42 - INFO - 2022-02-02: BUY CE @ 64.97
17:12:42 - INFO - 2022-02-02: SELL NIFTY03FEB2217600CE @ 166.60
17:12:42 - INFO - 2022-02-03: BUY PE @ 184.92
17:12:42 - INFO - 2022-02-03: SELL NIFTY03FEB2217800CE @ 30.41
17:12:42 - INFO - 2022-02-04: BUY PE @ 144.49
17:12:42 - INFO - 2022-02-04: SELL NIFTY10FEB2217550PE @ 166.58
17:12:42 - INFO - 2022-02-07: BUY PE @ 142.46
17:12:42 - INFO - 2022-02-07: SELL NIFTY10FEB2217500PE @ 141.20
17:12:42 - INFO - 2022-02-08: BUY PE @ 97.05
17:12:42 - INFO - 2022-02-08: SELL NIFTY10FEB2217200PE @ 91.46
17:12:42 - INFO - 2022-02-09: BUY CE @ 72.93
17:12:42 - INFO - 2022-02-09: SELL NIFTY10FEB2217250PE @ 37.97
17:12:42 - INFO - 2022-02-10: BUY CE @ 150.96
17:12:42 - INFO - 2022-02-10: SELL NIFTY10FEB2217450CE @ 96.30
17:12:42 - INFO - 2022-02-11: BUY PE @ 149.81
17:12:42 - INFO - 2022-02-11: SELL NIFTY17FEB2217600CE @ 71.71
17:12:42 - INFO - 2022-02-14: BUY PE @ 184.93
17:12:42 - INFO - 2022-02-14: SELL NIFTY17FEB2217350PE @ 352.06
17:12:42 - INFO - 2022-02-15: BUY CE @ 135.74
17:12:42 - INFO - 2022-02-15: SELL NIFTY17FEB2216850PE @ 117.62
17:12:42 - INFO - 2022-02-16: BUY PE @ 74.15
17:12:42 - INFO - 2022-02-16: SELL NIFTY17FEB2217350CE @ 148.40
17:12:42 - INFO - 2022-02-17: BUY PE @ 227.87
17:12:42 - INFO - 2022-02-17: SELL NIFTY17FEB2217300PE @ 19.86
17:12:42 - INFO - 2022-02-18: BUY CE @ 208.69
17:12:42 - INFO - 2022-02-18: SELL NIFTY24FEB2217300PE @ 236.96
17:12:42 - INFO - 2022-02-21: BUY PE @ 143.41
17:12:42 - INFO - 2022-02-21: SELL NIFTY24FEB2217250CE @ 155.38
17:12:42 - INFO - 2022-02-22: BUY CE @ 128.11
17:12:42 - INFO - 2022-02-22: SELL NIFTY24FEB2217200PE @ 308.88
17:12:42 - INFO - 2022-02-23: BUY PE @ 82.68
17:12:42 - INFO - 2022-02-23: SELL NIFTY24FEB2217100CE @ 159.64
17:12:42 - INFO - 2022-02-24: BUY PE @ 353.92
17:12:42 - INFO - 2022-02-24: SELL NIFTY24FEB2217050PE @ 369.79
17:12:42 - INFO - 2022-02-25: BUY CE @ 239.94
17:12:42 - INFO - 2022-02-25: SELL NIFTY03MAR2216250PE @ 162.97
17:12:42 - INFO - 2022-02-28: BUY CE @ 214.83
17:12:42 - INFO - 2022-02-28: SELL NIFTY03MAR2216650CE @ 126.27
17:12:42 - INFO - 2022-03-02: BUY CE @ 121.23
17:12:42 - INFO - 2022-03-02: SELL NIFTY03MAR2216800CE @ 94.21
17:12:42 - INFO - 2022-03-03: BUY PE @ 257.89
17:12:42 - INFO - 2022-03-03: SELL NIFTY03MAR2216650CE @ 140.32
17:12:42 - INFO - 2022-03-04: BUY PE @ 237.72
17:12:42 - INFO - 2022-03-04: SELL NIFTY10MAR2216500PE @ 384.80
17:12:42 - INFO - 2022-03-07: BUY CE @ 221.56
17:12:42 - INFO - 2022-03-07: SELL NIFTY10MAR2216200PE @ 406.42
17:12:42 - INFO - 2022-03-08: BUY CE @ 161.15
17:12:42 - INFO - 2022-03-08: SELL NIFTY10MAR2215900CE @ 175.18
17:12:42 - INFO - 2022-03-09: BUY CE @ 121.07
17:12:42 - INFO - 2022-03-09: SELL NIFTY10MAR2216050CE @ 153.38
17:12:42 - INFO - 2022-03-10: BUY PE @ 242.35
17:12:42 - INFO - 2022-03-10: SELL NIFTY10MAR2216350CE @ 291.26
17:12:42 - INFO - 2022-03-11: BUY CE @ 219.86
17:12:42 - INFO - 2022-03-11: SELL NIFTY17MAR2216600PE @ 282.83
17:12:42 - INFO - 2022-03-14: BUY CE @ 215.33
17:12:42 - INFO - 2022-03-14: SELL NIFTY17MAR2216650CE @ 230.65
17:12:42 - INFO - 2022-03-15: BUY PE @ 174.69
17:12:42 - INFO - 2022-03-15: SELL NIFTY17MAR2216850CE @ 219.83
17:12:42 - INFO - 2022-03-16: BUY CE @ 117.65
17:12:42 - INFO - 2022-03-16: SELL NIFTY17MAR2216650PE @ 45.11
17:12:42 - INFO - 2022-03-17: BUY CE @ 204.74
17:12:42 - INFO - 2022-03-17: SELL NIFTY17MAR2217000CE @ 214.29
17:12:42 - INFO - 2022-03-21: BUY PE @ 175.77
17:12:42 - INFO - 2022-03-21: SELL NIFTY24MAR2217300CE @ 203.70
17:12:42 - INFO - 2022-03-22: BUY CE @ 163.96
17:12:42 - INFO - 2022-03-22: SELL NIFTY24MAR2217100PE @ 167.37
17:12:42 - INFO - 2022-03-23: BUY PE @ 105.89
17:12:42 - INFO - 2022-03-23: SELL NIFTY24MAR2217300CE @ 189.21
17:12:42 - INFO - 2022-03-24: BUY CE @ 234.12
17:12:42 - INFO - 2022-03-24: SELL NIFTY24MAR2217250PE @ 129.08
17:12:42 - INFO - 2022-03-25: BUY PE @ 157.76
17:12:42 - INFO - 2022-03-25: SELL NIFTY31MAR2217200CE @ 225.62
17:12:42 - INFO - 2022-03-28: BUY CE @ 170.17
17:12:42 - INFO - 2022-03-28: SELL NIFTY31MAR2217150PE @ 145.73
17:12:42 - INFO - 2022-03-29: BUY CE @ 128.35
17:12:42 - INFO - 2022-03-29: SELL NIFTY31MAR2217200CE @ 177.69
17:12:42 - INFO - 2022-03-30: BUY CE @ 73.63
17:12:42 - INFO - 2022-03-30: SELL NIFTY31MAR2217300CE @ 169.08
17:12:42 - INFO - 2022-03-31: BUY PE @ 149.69
17:12:42 - INFO - 2022-03-31: SELL NIFTY31MAR2217500CE @ 69.05
17:12:42 - INFO - 2022-04-01: BUY CE @ 136.53
17:12:42 - INFO - 2022-04-01: SELL NIFTY07APR2217450PE @ 167.03
17:12:42 - INFO - 2022-04-04: BUY CE @ 120.83
17:12:42 - INFO - 2022-04-04: SELL NIFTY07APR2217700CE @ 167.63
17:12:42 - INFO - 2022-04-05: BUY PE @ 83.09
17:12:42 - INFO - 2022-04-05: SELL NIFTY07APR2218050CE @ 112.12
17:12:42 - INFO - 2022-04-06: BUY PE @ 58.42
17:12:42 - INFO - 2022-04-06: SELL NIFTY07APR2217950PE @ 131.09
17:12:42 - INFO - 2022-04-07: BUY PE @ 135.92
17:12:42 - INFO - 2022-04-07: SELL NIFTY07APR2217800PE @ 81.56
17:12:42 - INFO - 2022-04-08: BUY CE @ 146.55
17:12:42 - INFO - 2022-04-08: SELL NIFTY13APR2217650PE @ 119.15
17:12:42 - INFO - 2022-04-11: BUY PE @ 78.46
17:12:42 - INFO - 2022-04-11: SELL NIFTY13APR2217800CE @ 88.02
17:12:42 - INFO - 2022-04-12: BUY PE @ 46.97
17:12:42 - INFO - 2022-04-12: SELL NIFTY13APR2217650PE @ 129.73
17:12:42 - INFO - 2022-04-13: BUY PE @ 138.32
17:12:42 - INFO - 2022-04-13: SELL NIFTY13APR2217500PE @ 8.76
17:12:42 - INFO - 2022-04-18: BUY PE @ 115.85
17:12:42 - INFO - 2022-04-18: SELL NIFTY21APR2217500PE @ 310.23
17:12:42 - INFO - 2022-04-19: BUY PE @ 100.07
17:12:42 - INFO - 2022-04-19: SELL NIFTY21APR2217200PE @ 75.57
17:12:42 - INFO - 2022-04-20: BUY CE @ 63.72
17:12:42 - INFO - 2022-04-20: SELL NIFTY21APR2216900PE @ 47.80
17:12:42 - INFO - 2022-04-21: BUY CE @ 159.53
17:12:42 - INFO - 2022-04-21: SELL NIFTY21APR2217150CE @ 101.28
17:12:42 - INFO - 2022-04-22: BUY PE @ 134.27
17:12:42 - INFO - 2022-04-22: SELL NIFTY28APR2217400CE @ 74.84
17:12:42 - INFO - 2022-04-25: BUY PE @ 139.66
17:12:42 - INFO - 2022-04-25: SELL NIFTY28APR2217150PE @ 260.87
17:12:42 - INFO - 2022-04-26: BUY CE @ 100.57
17:12:42 - INFO - 2022-04-26: SELL NIFTY28APR2216950PE @ 50.19
17:12:42 - INFO - 2022-04-27: BUY PE @ 78.65
17:12:42 - INFO - 2022-04-27: SELL NIFTY28APR2217200CE @ 38.21
17:12:42 - INFO - 2022-04-28: BUY CE @ 161.73
17:12:42 - INFO - 2022-04-28: SELL NIFTY28APR2217050PE @ 23.23
17:12:42 - INFO - 2022-04-29: BUY PE @ 137.78
17:12:42 - INFO - 2022-04-29: SELL NIFTY05MAY2217250CE @ 185.22
17:12:42 - INFO - 2022-05-02: BUY CE @ 140.69
17:12:42 - INFO - 2022-05-02: SELL NIFTY05MAY2217050PE @ 186.19
17:12:42 - INFO - 2022-05-04: BUY PE @ 100.99
17:12:42 - INFO - 2022-05-04: SELL NIFTY05MAY2217050CE @ 128.65
17:12:42 - INFO - 2022-05-05: BUY PE @ 182.36
17:12:42 - INFO - 2022-05-05: SELL NIFTY05MAY2216700PE @ 16.82
17:12:42 - INFO - 2022-05-06: BUY PE @ 167.60
17:12:42 - INFO - 2022-05-06: SELL NIFTY12MAY2216700PE @ 329.31
17:12:42 - INFO - 2022-05-09: BUY CE @ 151.79
17:12:42 - INFO - 2022-05-09: SELL NIFTY12MAY2216400PE @ 240.26
17:12:42 - INFO - 2022-05-10: BUY PE @ 126.07
17:12:42 - INFO - 2022-05-10: SELL NIFTY12MAY2216300CE @ 152.94
17:12:42 - INFO - 2022-05-11: BUY PE @ 73.81
17:12:42 - INFO - 2022-05-11: SELL NIFTY12MAY2216250PE @ 88.54
17:12:42 - INFO - 2022-05-12: BUY PE @ 189.75
17:12:42 - INFO - 2022-05-12: SELL NIFTY12MAY2216150PE @ 166.81
17:12:42 - INFO - 2022-05-13: BUY PE @ 183.78
17:12:42 - INFO - 2022-05-13: SELL NIFTY19MAY2215800PE @ 111.19
17:12:42 - INFO - 2022-05-16: BUY CE @ 152.12
17:12:42 - INFO - 2022-05-16: SELL NIFTY19MAY2215800PE @ 167.83
17:12:42 - INFO - 2022-05-17: BUY CE @ 123.43
17:12:42 - INFO - 2022-05-17: SELL NIFTY19MAY2215850CE @ 183.97
17:12:42 - INFO - 2022-05-18: BUY PE @ 81.73
17:12:42 - INFO - 2022-05-18: SELL NIFTY19MAY2216250CE @ 138.96
17:12:42 - INFO - 2022-05-19: BUY PE @ 228.32
17:12:42 - INFO - 2022-05-19: SELL NIFTY19MAY2216250PE @ 286.89
17:12:42 - INFO - 2022-05-20: BUY CE @ 175.64
17:12:42 - INFO - 2022-05-20: SELL NIFTY26MAY2215800PE @ 91.83
17:12:42 - INFO - 2022-05-23: BUY PE @ 160.39
17:12:42 - INFO - 2022-05-23: SELL NIFTY26MAY2216250CE @ 214.01
17:12:42 - INFO - 2022-05-24: BUY PE @ 127.08
17:12:42 - INFO - 2022-05-24: SELL NIFTY26MAY2216200PE @ 143.71
17:12:42 - INFO - 2022-05-25: BUY PE @ 113.42
17:12:42 - INFO - 2022-05-25: SELL NIFTY26MAY2216100PE @ 67.69
17:12:42 - INFO - 2022-05-26: BUY CE @ 181.50
17:12:42 - INFO - 2022-05-26: SELL NIFTY26MAY2216050PE @ 42.36
17:12:42 - INFO - 2022-05-27: BUY CE @ 156.98
17:12:42 - INFO - 2022-05-27: SELL NIFTY02JUN2216200CE @ 236.08
17:12:42 - INFO - 2022-05-30: BUY CE @ 129.92
17:12:42 - INFO - 2022-05-30: SELL NIFTY02JUN2216350CE @ 233.17
17:12:42 - INFO - 2022-05-31: BUY PE @ 116.25
17:12:42 - INFO - 2022-05-31: SELL NIFTY02JUN2216650CE @ 85.86
17:12:42 - INFO - 2022-06-01: BUY PE @ 88.21
17:12:42 - INFO - 2022-06-01: SELL NIFTY02JUN2216550PE @ 76.80
17:12:42 - INFO - 2022-06-02: BUY CE @ 163.57
17:12:42 - INFO - 2022-06-02: SELL NIFTY02JUN2216550PE @ 129.18
17:12:42 - INFO - 2022-06-03: BUY PE @ 143.07
17:12:42 - INFO - 2022-06-03: SELL NIFTY09JUN2216650CE @ 237.43
17:12:42 - INFO - 2022-06-06: BUY CE @ 142.69
17:12:42 - INFO - 2022-06-06: SELL NIFTY09JUN2216600PE @ 155.58
17:12:42 - INFO - 2022-06-07: BUY CE @ 120.70
17:12:42 - INFO - 2022-06-07: SELL NIFTY09JUN2216550CE @ 70.33
17:12:42 - INFO - 2022-06-08: BUY PE @ 68.68
17:12:42 - INFO - 2022-06-08: SELL NIFTY09JUN2216400CE @ 122.27
17:12:42 - INFO - 2022-06-09: BUY CE @ 138.04
17:12:42 - INFO - 2022-06-09: SELL NIFTY09JUN2216350PE @ 106.04
17:12:42 - INFO - 2022-06-10: BUY PE @ 156.56
17:12:42 - INFO - 2022-06-10: SELL NIFTY16JUN2216500CE @ 71.58
17:12:42 - INFO - 2022-06-13: BUY PE @ 160.10
17:12:42 - INFO - 2022-06-13: SELL NIFTY16JUN2216200PE @ 391.47
17:12:42 - INFO - 2022-06-14: BUY CE @ 125.75
17:12:42 - INFO - 2022-06-14: SELL NIFTY16JUN2215800PE @ 167.14
17:12:42 - INFO - 2022-06-15: BUY PE @ 110.04
17:12:42 - INFO - 2022-06-15: SELL NIFTY16JUN2215750CE @ 117.90
17:12:42 - INFO - 2022-06-16: BUY PE @ 216.54
17:12:42 - INFO - 2022-06-16: SELL NIFTY16JUN2215700PE @ 15.27
17:12:42 - INFO - 2022-06-17: BUY CE @ 219.83
17:12:42 - INFO - 2022-06-17: SELL NIFTY23JUN2215350PE @ 247.36
17:12:42 - INFO - 2022-06-20: BUY CE @ 123.84
17:12:42 - INFO - 2022-06-20: SELL NIFTY23JUN2215250CE @ 214.73
17:12:42 - INFO - 2022-06-21: BUY CE @ 98.54
17:12:42 - INFO - 2022-06-21: SELL NIFTY23JUN2215400CE @ 155.86
17:12:42 - INFO - 2022-06-22: BUY PE @ 76.81
17:12:42 - INFO - 2022-06-22: SELL NIFTY23JUN2215650CE @ 36.35
17:12:42 - INFO - 2022-06-23: BUY CE @ 187.53
17:12:42 - INFO - 2022-06-23: SELL NIFTY23JUN2215400PE @ 51.16
17:12:42 - INFO - 2022-06-24: BUY PE @ 150.12
17:12:42 - INFO - 2022-06-24: SELL NIFTY30JUN2215550CE @ 264.90
17:12:42 - INFO - 2022-06-27: BUY PE @ 130.74
17:12:42 - INFO - 2022-06-27: SELL NIFTY30JUN2215700PE @ 68.87
17:12:42 - INFO - 2022-06-28: BUY CE @ 101.40
17:12:42 - INFO - 2022-06-28: SELL NIFTY30JUN2215850PE @ 162.52
17:12:42 - INFO - 2022-06-29: BUY CE @ 73.78
17:12:42 - INFO - 2022-06-29: SELL NIFTY30JUN2215850CE @ 32.39
17:12:42 - INFO - 2022-06-30: BUY PE @ 192.08
17:12:42 - INFO - 2022-06-30: SELL NIFTY30JUN2215800CE @ 86.97
17:12:42 - INFO - 2022-07-01: BUY CE @ 163.62
17:12:42 - INFO - 2022-07-01: SELL NIFTY07JUL2215750PE @ 225.01
17:12:42 - INFO - 2022-07-04: BUY CE @ 117.90
17:12:42 - INFO - 2022-07-04: SELL NIFTY07JUL2215750CE @ 153.72
17:12:42 - INFO - 2022-07-05: BUY PE @ 103.13
17:12:42 - INFO - 2022-07-05: SELL NIFTY07JUL2215850CE @ 135.77
17:12:42 - INFO - 2022-07-06: BUY CE @ 74.79
17:12:42 - INFO - 2022-07-06: SELL NIFTY07JUL2215800PE @ 69.77
17:12:42 - INFO - 2022-07-07: BUY CE @ 152.07
17:12:42 - INFO - 2022-07-07: SELL NIFTY07JUL2216000CE @ 135.68
17:12:42 - INFO - 2022-07-08: BUY PE @ 126.30
17:12:42 - INFO - 2022-07-08: SELL NIFTY14JUL2216150CE @ 184.28
17:12:42 - INFO - 2022-07-11: BUY CE @ 108.55
17:12:42 - INFO - 2022-07-11: SELL NIFTY14JUL2216200PE @ 155.54
17:12:42 - INFO - 2022-07-12: BUY PE @ 104.35
17:12:42 - INFO - 2022-07-12: SELL NIFTY14JUL2216200CE @ 58.92
17:12:42 - INFO - 2022-07-13: BUY PE @ 67.66
17:12:42 - INFO - 2022-07-13: SELL NIFTY14JUL2216050PE @ 54.14
17:12:42 - INFO - 2022-07-14: BUY PE @ 157.09
17:12:42 - INFO - 2022-07-14: SELL NIFTY14JUL2215950PE @ 36.59
17:12:42 - INFO - 2022-07-15: BUY CE @ 127.34
17:12:42 - INFO - 2022-07-15: SELL NIFTY21JUL2215950PE @ 104.93
17:12:42 - INFO - 2022-07-18: BUY CE @ 89.60
17:12:42 - INFO - 2022-07-18: SELL NIFTY21JUL2216050CE @ 190.32
17:12:42 - INFO - 2022-07-19: BUY CE @ 70.28
17:12:42 - INFO - 2022-07-19: SELL NIFTY21JUL2216300CE @ 53.57
17:12:42 - INFO - 2022-07-20: BUY CE @ 60.31
17:12:42 - INFO - 2022-07-20: SELL NIFTY21JUL2216350CE @ 170.40
17:12:42 - INFO - 2022-07-21: BUY CE @ 139.73
17:12:42 - INFO - 2022-07-21: SELL NIFTY21JUL2216500CE @ 39.98
17:12:42 - INFO - 2022-07-22: BUY CE @ 135.15
17:12:42 - INFO - 2022-07-22: SELL NIFTY28JUL2216600CE @ 167.79
17:12:42 - INFO - 2022-07-25: BUY PE @ 115.09
17:12:42 - INFO - 2022-07-25: SELL NIFTY28JUL2216700CE @ 111.15
17:12:42 - INFO - 2022-07-26: BUY PE @ 92.88
17:12:42 - INFO - 2022-07-26: SELL NIFTY28JUL2216650PE @ 130.82
17:12:42 - INFO - 2022-07-27: BUY CE @ 87.72
17:12:42 - INFO - 2022-07-27: SELL NIFTY28JUL2216500PE @ 88.28
17:12:42 - INFO - 2022-07-28: BUY CE @ 138.12
17:12:42 - INFO - 2022-07-28: SELL NIFTY28JUL2216650CE @ 140.72
17:12:42 - INFO - 2022-07-29: BUY CE @ 145.34
17:12:42 - INFO - 2022-07-29: SELL NIFTY04AUG2216950CE @ 217.08
17:12:42 - INFO - 2022-08-01: BUY CE @ 105.92
17:12:42 - INFO - 2022-08-01: SELL NIFTY04AUG2217150CE @ 154.82
17:12:42 - INFO - 2022-08-02: BUY CE @ 76.89
17:12:42 - INFO - 2022-08-02: SELL NIFTY04AUG2217350CE @ 65.15
17:12:42 - INFO - 2022-08-03: BUY CE @ 62.42
17:12:42 - INFO - 2022-08-03: SELL NIFTY04AUG2217350CE @ 90.41
17:12:42 - INFO - 2022-08-04: BUY PE @ 172.00
17:12:42 - INFO - 2022-08-04: SELL NIFTY04AUG2217400CE @ 96.54
17:12:42 - INFO - 2022-08-05: BUY PE @ 143.27
17:12:42 - INFO - 2022-08-05: SELL NIFTY11AUG2217350PE @ 131.93
17:12:42 - INFO - 2022-08-08: BUY CE @ 120.03
17:12:42 - INFO - 2022-08-08: SELL NIFTY11AUG2217400PE @ 122.27
17:12:42 - INFO - 2022-08-10: BUY PE @ 90.09
17:12:42 - INFO - 2022-08-10: SELL NIFTY11AUG2217500CE @ 112.17
17:12:42 - INFO - 2022-08-11: BUY PE @ 122.58
17:12:42 - INFO - 2022-08-11: SELL NIFTY11AUG2217550PE @ 10.65
17:12:42 - INFO - 2022-08-12: BUY CE @ 111.31
17:12:42 - INFO - 2022-08-12: SELL NIFTY18AUG2217650PE @ 124.01
17:12:42 - INFO - 2022-08-16: BUY CE @ 68.23
17:12:42 - INFO - 2022-08-16: SELL NIFTY18AUG2217700CE @ 137.10
17:12:42 - INFO - 2022-08-17: BUY CE @ 60.35
17:12:42 - INFO - 2022-08-17: SELL NIFTY18AUG2217850CE @ 72.65
17:12:42 - INFO - 2022-08-18: BUY CE @ 144.51
17:12:42 - INFO - 2022-08-18: SELL NIFTY18AUG2217950CE @ 28.35
17:12:42 - INFO - 2022-08-19: BUY PE @ 122.20
17:12:42 - INFO - 2022-08-19: SELL NIFTY25AUG2217950CE @ 135.30
17:12:42 - INFO - 2022-08-22: BUY PE @ 108.97
17:12:42 - INFO - 2022-08-22: SELL NIFTY25AUG2217750PE @ 166.80
17:12:42 - INFO - 2022-08-23: BUY CE @ 85.00
17:12:42 - INFO - 2022-08-23: SELL NIFTY25AUG2217500PE @ 156.00
17:12:42 - INFO - 2022-08-24: BUY CE @ 68.64
17:12:42 - INFO - 2022-08-24: SELL NIFTY25AUG2217600CE @ 74.56
17:12:42 - INFO - 2022-08-25: BUY PE @ 155.03
17:12:42 - INFO - 2022-08-25: SELL NIFTY25AUG2217600CE @ 92.05
17:12:42 - INFO - 2022-08-26: BUY PE @ 112.50
17:12:42 - INFO - 2022-08-26: SELL NIFTY01SEP2217500PE @ 77.07
17:12:42 - INFO - 2022-08-29: BUY CE @ 126.74
17:12:42 - INFO - 2022-08-29: SELL NIFTY01SEP2217550PE @ 347.82
17:12:42 - INFO - 2022-08-30: BUY CE @ 98.40
17:12:42 - INFO - 2022-08-30: SELL NIFTY01SEP2217300CE @ 176.86
17:12:42 - INFO - 2022-09-01: BUY PE @ 176.72
17:12:42 - INFO - 2022-09-01: SELL NIFTY01SEP2217750CE @ 14.66
17:12:42 - INFO - 2022-09-02: BUY PE @ 163.75
17:12:42 - INFO - 2022-09-02: SELL NIFTY08SEP2217550PE @ 134.23
17:12:42 - INFO - 2022-09-05: BUY CE @ 144.78
17:12:42 - INFO - 2022-09-05: SELL NIFTY08SEP2217550PE @ 122.60
17:12:42 - INFO - 2022-09-06: BUY PE @ 105.32
17:12:42 - INFO - 2022-09-06: SELL NIFTY08SEP2217650CE @ 168.75
17:12:42 - INFO - 2022-09-07: BUY CE @ 75.41
17:12:42 - INFO - 2022-09-07: SELL NIFTY08SEP2217650PE @ 166.77
17:12:42 - INFO - 2022-09-08: BUY CE @ 156.36
17:12:42 - INFO - 2022-09-08: SELL NIFTY08SEP2217650CE @ 116.16
17:12:42 - INFO - 2022-09-09: BUY PE @ 120.75
17:12:42 - INFO - 2022-09-09: SELL NIFTY15SEP2217800CE @ 201.95
17:12:42 - INFO - 2022-09-12: BUY CE @ 114.02
17:12:42 - INFO - 2022-09-12: SELL NIFTY15SEP2217800PE @ 75.98
17:12:42 - INFO - 2022-09-13: BUY CE @ 111.05
17:12:42 - INFO - 2022-09-13: SELL NIFTY15SEP2217950CE @ 141.94
17:12:42 - INFO - 2022-09-14: BUY CE @ 83.48
17:12:42 - INFO - 2022-09-14: SELL NIFTY15SEP2218050CE @ 25.67
17:12:42 - INFO - 2022-09-15: BUY PE @ 154.63
17:12:42 - INFO - 2022-09-15: SELL NIFTY15SEP2218000CE @ 107.56
17:12:42 - INFO - 2022-09-16: BUY PE @ 171.32
17:12:42 - INFO - 2022-09-16: SELL NIFTY22SEP2217850PE @ 204.89
17:12:42 - INFO - 2022-09-19: BUY CE @ 155.60
17:12:42 - INFO - 2022-09-19: SELL NIFTY22SEP2217550PE @ 162.17
17:12:42 - INFO - 2022-09-20: BUY CE @ 118.11
17:12:42 - INFO - 2022-09-20: SELL NIFTY22SEP2217600CE @ 230.32
17:12:42 - INFO - 2022-09-21: BUY PE @ 111.64
17:12:42 - INFO - 2022-09-21: SELL NIFTY22SEP2217800CE @ 121.63
17:12:42 - INFO - 2022-09-22: BUY PE @ 182.43
17:12:42 - INFO - 2022-09-22: SELL NIFTY22SEP2217700PE @ 132.98
17:12:42 - INFO - 2022-09-23: BUY PE @ 182.95
17:12:42 - INFO - 2022-09-23: SELL NIFTY29SEP2217650PE @ 194.29
17:12:42 - INFO - 2022-09-26: BUY PE @ 130.13
17:12:42 - INFO - 2022-09-26: SELL NIFTY29SEP2217350PE @ 278.26
17:12:42 - INFO - 2022-09-27: BUY PE @ 96.16
17:12:42 - INFO - 2022-09-27: SELL NIFTY29SEP2217000PE @ 94.05
17:12:42 - INFO - 2022-09-28: BUY PE @ 82.28
17:12:42 - INFO - 2022-09-28: SELL NIFTY29SEP2217000PE @ 180.75
17:12:42 - INFO - 2022-09-29: BUY PE @ 181.26
17:12:42 - INFO - 2022-09-29: SELL NIFTY29SEP2216850PE @ 10.38
17:12:42 - INFO - 2022-09-30: BUY CE @ 147.90
17:12:42 - INFO - 2022-09-30: SELL NIFTY06OCT2216800PE @ 197.11
17:12:42 - INFO - 2022-10-03: BUY PE @ 134.67
17:12:42 - INFO - 2022-10-03: SELL NIFTY06OCT2217100CE @ 120.37
17:12:42 - INFO - 2022-10-04: BUY CE @ 70.93
17:12:42 - INFO - 2022-10-04: SELL NIFTY06OCT2216900PE @ 23.62
17:12:42 - INFO - 2022-10-06: BUY PE @ 170.26
17:12:42 - INFO - 2022-10-06: SELL NIFTY06OCT2217300CE @ 126.36
17:12:42 - INFO - 2022-10-07: BUY CE @ 149.92
17:12:42 - INFO - 2022-10-07: SELL NIFTY13OCT2217350PE @ 188.94
17:12:42 - INFO - 2022-10-10: BUY CE @ 117.68
17:12:42 - INFO - 2022-10-10: SELL NIFTY13OCT2217300CE @ 54.90
17:12:42 - INFO - 2022-10-11: BUY PE @ 96.81
17:12:42 - INFO - 2022-10-11: SELL NIFTY13OCT2217250CE @ 94.59
17:12:42 - INFO - 2022-10-12: BUY CE @ 98.37
17:12:42 - INFO - 2022-10-12: SELL NIFTY13OCT2216950PE @ 78.79
17:12:42 - INFO - 2022-10-13: BUY PE @ 171.88
17:12:42 - INFO - 2022-10-13: SELL NIFTY13OCT2217100CE @ 53.16
17:12:42 - INFO - 2022-10-14: BUY PE @ 146.89
17:12:42 - INFO - 2022-10-14: SELL NIFTY20OCT2217000PE @ 49.87
17:12:42 - INFO - 2022-10-17: BUY CE @ 127.50
17:12:42 - INFO - 2022-10-17: SELL NIFTY20OCT2217200PE @ 138.69
17:12:42 - INFO - 2022-10-18: BUY CE @ 87.73
17:12:42 - INFO - 2022-10-18: SELL NIFTY20OCT2217300CE @ 199.93
17:12:42 - INFO - 2022-10-19: BUY PE @ 61.71
17:12:42 - INFO - 2022-10-19: SELL NIFTY20OCT2217500CE @ 96.85
17:12:42 - INFO - 2022-10-20: BUY CE @ 113.92
17:12:42 - INFO - 2022-10-20: SELL NIFTY20OCT2217500PE @ 94.41
17:12:42 - INFO - 2022-10-21: BUY PE @ 127.55
17:12:42 - INFO - 2022-10-21: SELL NIFTY27OCT2217600CE @ 124.47
17:12:42 - INFO - 2022-10-25: BUY PE @ 73.63
17:12:42 - INFO - 2022-10-25: SELL NIFTY27OCT2217600PE @ 20.58
17:12:42 - INFO - 2022-10-27: BUY PE @ 138.67
17:12:42 - INFO - 2022-10-27: SELL NIFTY27OCT2217650PE @ 10.83
17:12:42 - INFO - 2022-10-28: BUY CE @ 124.20
17:12:42 - INFO - 2022-10-28: SELL NIFTY03NOV2217750PE @ 112.79
17:12:42 - INFO - 2022-10-31: BUY CE @ 111.30
17:12:42 - INFO - 2022-10-31: SELL NIFTY03NOV2217800CE @ 185.28
17:12:42 - INFO - 2022-11-01: BUY CE @ 94.37
17:12:42 - INFO - 2022-11-01: SELL NIFTY03NOV2218000CE @ 153.52
17:12:42 - INFO - 2022-11-02: BUY PE @ 89.99
17:12:42 - INFO - 2022-11-02: SELL NIFTY03NOV2218150CE @ 79.15
17:12:42 - INFO - 2022-11-03: BUY CE @ 159.16
17:12:42 - INFO - 2022-11-03: SELL NIFTY03NOV2218100PE @ 113.16
17:12:42 - INFO - 2022-11-04: BUY CE @ 140.66
17:12:42 - INFO - 2022-11-04: SELL NIFTY10NOV2218050CE @ 155.59
17:12:42 - INFO - 2022-11-07: BUY PE @ 77.83
17:12:42 - INFO - 2022-11-07: SELL NIFTY10NOV2218100CE @ 183.00
17:12:42 - INFO - 2022-11-09: BUY PE @ 55.36
17:12:42 - INFO - 2022-11-09: SELL NIFTY10NOV2218200PE @ 43.24
17:12:42 - INFO - 2022-11-10: BUY PE @ 126.01
17:12:42 - INFO - 2022-11-10: SELL NIFTY10NOV2218150PE @ 94.74
17:12:42 - INFO - 2022-11-11: BUY CE @ 120.20
17:12:42 - INFO - 2022-11-11: SELL NIFTY17NOV2218050PE @ 34.77
17:12:42 - INFO - 2022-11-14: BUY PE @ 76.56
17:12:42 - INFO - 2022-11-14: SELL NIFTY17NOV2218350CE @ 105.16
17:12:42 - INFO - 2022-11-15: BUY CE @ 86.42
17:12:42 - INFO - 2022-11-15: SELL NIFTY17NOV2218300PE @ 48.62
17:12:42 - INFO - 2022-11-16: BUY CE @ 54.15
17:12:42 - INFO - 2022-11-16: SELL NIFTY17NOV2218400CE @ 59.07
17:12:42 - INFO - 2022-11-17: BUY PE @ 123.04
17:12:42 - INFO - 2022-11-17: SELL NIFTY17NOV2218400CE @ 24.37
17:12:42 - INFO - 2022-11-18: BUY PE @ 85.47
17:12:42 - INFO - 2022-11-18: SELL NIFTY24NOV2218350PE @ 92.29
17:12:42 - INFO - 2022-11-21: BUY PE @ 68.52
17:12:42 - INFO - 2022-11-21: SELL NIFTY24NOV2218300PE @ 114.52
17:12:42 - INFO - 2022-11-22: BUY CE @ 80.30
17:12:42 - INFO - 2022-11-22: SELL NIFTY24NOV2218150PE @ 54.97
17:12:42 - INFO - 2022-11-23: BUY PE @ 34.96
17:12:42 - INFO - 2022-11-23: SELL NIFTY24NOV2218250CE @ 98.86
17:12:42 - INFO - 2022-11-24: BUY CE @ 132.20
17:12:42 - INFO - 2022-11-24: SELL NIFTY24NOV2218250PE @ 10.44
17:12:42 - INFO - 2022-11-25: BUY CE @ 104.71
17:12:42 - INFO - 2022-11-25: SELL NIFTY01DEC2218500CE @ 103.93
17:12:42 - INFO - 2022-11-28: BUY CE @ 88.93
17:12:42 - INFO - 2022-11-28: SELL NIFTY01DEC2218500CE @ 78.93
17:12:42 - INFO - 2022-11-29: BUY CE @ 68.96
17:12:42 - INFO - 2022-11-29: SELL NIFTY01DEC2218550CE @ 103.38
17:12:42 - INFO - 2022-11-30: BUY CE @ 30.06
17:12:42 - INFO - 2022-11-30: SELL NIFTY01DEC2218600CE @ 89.78
17:12:42 - INFO - 2022-12-01: BUY PE @ 95.07
17:12:42 - INFO - 2022-12-01: SELL NIFTY01DEC2218800CE @ 66.14
17:12:42 - INFO - 2022-12-02: BUY PE @ 90.82
17:12:42 - INFO - 2022-12-02: SELL NIFTY08DEC2218800PE @ 110.20
17:12:42 - INFO - 2022-12-05: BUY CE @ 105.36
17:12:42 - INFO - 2022-12-05: SELL NIFTY08DEC2218700PE @ 87.37
17:12:42 - INFO - 2022-12-06: BUY CE @ 96.34
17:12:42 - INFO - 2022-12-06: SELL NIFTY08DEC2218700CE @ 65.22
17:12:42 - INFO - 2022-12-07: BUY PE @ 50.59
17:12:42 - INFO - 2022-12-07: SELL NIFTY08DEC2218650CE @ 73.63
17:12:42 - INFO - 2022-12-08: BUY CE @ 137.59
17:12:42 - INFO - 2022-12-08: SELL NIFTY08DEC2218550PE @ 37.82
17:12:42 - INFO - 2022-12-09: BUY PE @ 84.59
17:12:42 - INFO - 2022-12-09: SELL NIFTY15DEC2218600CE @ 153.71
17:12:42 - INFO - 2022-12-12: BUY CE @ 100.52
17:12:42 - INFO - 2022-12-12: SELL NIFTY15DEC2218500PE @ 128.96
17:12:42 - INFO - 2022-12-13: BUY CE @ 90.26
17:12:42 - INFO - 2022-12-13: SELL NIFTY15DEC2218500CE @ 106.14
17:12:42 - INFO - 2022-12-14: BUY PE @ 50.39
17:12:42 - INFO - 2022-12-14: SELL NIFTY15DEC2218600CE @ 107.95
17:12:42 - INFO - 2022-12-15: BUY PE @ 102.99
17:12:42 - INFO - 2022-12-15: SELL NIFTY15DEC2218650PE @ 42.48
17:12:42 - INFO - 2022-12-16: BUY PE @ 85.16
17:12:42 - INFO - 2022-12-16: SELL NIFTY22DEC2218400PE @ 130.23
17:12:42 - INFO - 2022-12-19: BUY CE @ 110.65
17:12:42 - INFO - 2022-12-19: SELL NIFTY22DEC2218250PE @ 81.06
17:12:42 - INFO - 2022-12-20: BUY CE @ 63.95
17:12:42 - INFO - 2022-12-20: SELL NIFTY22DEC2218400CE @ 51.10
17:12:42 - INFO - 2022-12-21: BUY PE @ 50.13
17:12:42 - INFO - 2022-12-21: SELL NIFTY22DEC2218400CE @ 93.69
17:12:42 - INFO - 2022-12-22: BUY PE @ 124.05
17:12:42 - INFO - 2022-12-22: SELL NIFTY22DEC2218200PE @ 23.23
17:12:42 - INFO - 2022-12-23: BUY PE @ 106.35
17:12:42 - INFO - 2022-12-23: SELL NIFTY29DEC2218150PE @ 165.39
17:12:42 - INFO - 2022-12-26: BUY CE @ 109.22
17:12:42 - INFO - 2022-12-26: SELL NIFTY29DEC2217800PE @ 100.24
17:12:42 - INFO - 2022-12-27: BUY CE @ 69.73
17:12:42 - INFO - 2022-12-27: SELL NIFTY29DEC2218000CE @ 148.57
17:12:42 - INFO - 2022-12-28: BUY CE @ 62.15
17:12:42 - INFO - 2022-12-28: SELL NIFTY29DEC2218150CE @ 48.35
17:12:42 - INFO - 2022-12-29: BUY CE @ 122.40
17:12:42 - INFO - 2022-12-29: SELL NIFTY29DEC2218100CE @ 21.46
17:12:42 - INFO - 2022-12-30: BUY PE @ 104.12
17:12:42 - INFO - 2022-12-30: SELL NIFTY05JAN2318200CE @ 142.72
17:12:42 - INFO - 2023-01-02: BUY CE @ 101.80
17:12:42 - INFO - 2023-01-02: SELL NIFTY05JAN2318100PE @ 84.62
17:12:42 - INFO - 2023-01-03: BUY CE @ 76.17
17:12:42 - INFO - 2023-01-03: SELL NIFTY05JAN2318200CE @ 79.52
17:12:42 - INFO - 2023-01-04: BUY PE @ 62.89
17:12:42 - INFO - 2023-01-04: SELL NIFTY05JAN2318250CE @ 53.84
17:12:42 - INFO - 2023-01-05: BUY PE @ 111.55
17:12:42 - INFO - 2023-01-05: SELL NIFTY05JAN2318050PE @ 44.17
17:12:42 - INFO - 2023-01-06: BUY PE @ 92.74
17:12:42 - INFO - 2023-01-06: SELL NIFTY12JAN2318000PE @ 101.83
17:12:42 - INFO - 2023-01-09: BUY CE @ 94.13
17:12:42 - INFO - 2023-01-09: SELL NIFTY12JAN2317850PE @ 45.29
17:12:42 - INFO - 2023-01-10: BUY PE @ 65.03
17:12:42 - INFO - 2023-01-10: SELL NIFTY12JAN2318100CE @ 68.42
17:12:42 - INFO - 2023-01-11: BUY PE @ 60.61
17:12:42 - INFO - 2023-01-11: SELL NIFTY12JAN2317900PE @ 81.28
17:12:42 - INFO - 2023-01-12: BUY PE @ 126.11
17:12:42 - INFO - 2023-01-12: SELL NIFTY12JAN2317900PE @ 50.60
17:12:42 - INFO - 2023-01-13: BUY CE @ 125.04
17:12:42 - INFO - 2023-01-13: SELL NIFTY19JAN2317850PE @ 134.36
17:12:42 - INFO - 2023-01-16: BUY PE @ 84.89
17:12:42 - INFO - 2023-01-16: SELL NIFTY19JAN2317950CE @ 157.81
17:12:42 - INFO - 2023-01-17: BUY CE @ 81.23
17:12:42 - INFO - 2023-01-17: SELL NIFTY19JAN2317900PE @ 92.32
17:12:42 - INFO - 2023-01-18: BUY CE @ 58.14
17:12:42 - INFO - 2023-01-18: SELL NIFTY19JAN2318050CE @ 76.82
17:12:42 - INFO - 2023-01-19: BUY PE @ 104.76
17:12:42 - INFO - 2023-01-19: SELL NIFTY19JAN2318150CE @ 30.85
17:12:42 - INFO - 2023-01-20: BUY PE @ 91.57
17:12:42 - INFO - 2023-01-20: SELL NIFTY25JAN2318100PE @ 96.91
17:12:42 - INFO - 2023-01-23: BUY CE @ 90.84
17:12:42 - INFO - 2023-01-23: SELL NIFTY25JAN2318050PE @ 53.09
17:12:42 - INFO - 2023-01-24: BUY PE @ 36.60
17:12:42 - INFO - 2023-01-24: SELL NIFTY25JAN2318100CE @ 112.22
17:12:42 - INFO - 2023-01-25: BUY PE @ 144.56
17:12:42 - INFO - 2023-01-25: SELL NIFTY25JAN2318100PE @ 49.17
17:12:42 - INFO - 2023-01-27: BUY PE @ 159.62
17:12:42 - INFO - 2023-01-27: SELL NIFTY02FEB2317900PE @ 196.44
17:12:42 - INFO - 2023-01-30: BUY CE @ 175.21
17:12:42 - INFO - 2023-01-30: SELL NIFTY02FEB2317600PE @ 248.55
17:12:42 - INFO - 2023-01-31: BUY PE @ 134.61
17:12:42 - INFO - 2023-01-31: SELL NIFTY02FEB2317650CE @ 193.85
17:12:42 - INFO - 2023-02-01: BUY PE @ 99.22
17:12:42 - INFO - 2023-02-01: SELL NIFTY02FEB2317700PE @ 103.73
17:12:42 - INFO - 2023-02-02: BUY CE @ 178.48
17:12:42 - INFO - 2023-02-02: SELL NIFTY02FEB2317650PE @ 175.01
17:12:42 - INFO - 2023-02-03: BUY CE @ 126.19
17:12:42 - INFO - 2023-02-03: SELL NIFTY09FEB2317600CE @ 210.63
17:12:42 - INFO - 2023-02-06: BUY PE @ 97.09
17:12:42 - INFO - 2023-02-06: SELL NIFTY09FEB2317850CE @ 93.80
17:12:42 - INFO - 2023-02-07: BUY PE @ 69.88
17:12:42 - INFO - 2023-02-07: SELL NIFTY09FEB2317750PE @ 83.63
17:12:42 - INFO - 2023-02-08: BUY CE @ 70.75
17:12:42 - INFO - 2023-02-08: SELL NIFTY09FEB2317700PE @ 54.76
17:12:42 - INFO - 2023-02-09: BUY CE @ 121.26
17:12:42 - INFO - 2023-02-09: SELL NIFTY09FEB2317850CE @ 42.81
17:12:42 - INFO - 2023-02-10: BUY CE @ 100.05
17:12:42 - INFO - 2023-02-10: SELL NIFTY16FEB2317900CE @ 83.52
17:12:42 - INFO - 2023-02-13: BUY PE @ 72.25
17:12:42 - INFO - 2023-02-13: SELL NIFTY16FEB2317850CE @ 94.80
17:12:42 - INFO - 2023-02-14: BUY CE @ 59.29
17:12:42 - INFO - 2023-02-14: SELL NIFTY16FEB2317750PE @ 50.03
17:12:42 - INFO - 2023-02-15: BUY CE @ 34.00
17:12:42 - INFO - 2023-02-15: SELL NIFTY16FEB2317950CE @ 38.54
17:12:42 - INFO - 2023-02-17: BUY CE @ 97.91
17:12:42 - ERROR - Exit failed for NIFTY16FEB2318050CE on 2023-02-17, pls discard this row
17:12:42 - INFO - 2023-02-20: BUY PE @ 81.25
17:12:42 - INFO - 2023-02-20: SELL NIFTY23FEB2317950CE @ 90.41
17:12:42 - INFO - 2023-02-21: BUY PE @ 74.01
17:12:42 - INFO - 2023-02-21: SELL NIFTY23FEB2317850PE @ 66.09
17:12:42 - INFO - 2023-02-22: BUY PE @ 49.88
17:12:42 - INFO - 2023-02-22: SELL NIFTY23FEB2317850PE @ 118.80
17:12:42 - INFO - 2023-02-23: BUY PE @ 94.88
17:12:42 - INFO - 2023-02-23: SELL NIFTY23FEB2317550PE @ 47.67
17:12:42 - INFO - 2023-02-24: BUY PE @ 87.67
17:12:42 - INFO - 2023-02-24: SELL NIFTY02MAR2317500PE @ 72.88
17:12:42 - INFO - 2023-02-27: BUY PE @ 77.77
17:12:42 - INFO - 2023-02-27: SELL NIFTY02MAR2317450PE @ 116.89
17:12:42 - INFO - 2023-02-28: BUY PE @ 59.05
17:12:42 - INFO - 2023-02-28: SELL NIFTY02MAR2317400PE @ 81.77
17:12:42 - INFO - 2023-03-01: BUY CE @ 50.34
17:12:42 - INFO - 2023-03-01: SELL NIFTY02MAR2317300PE @ 36.90
17:12:42 - INFO - 2023-03-02: BUY PE @ 81.78
17:12:42 - INFO - 2023-03-02: SELL NIFTY02MAR2317450CE @ 36.02
17:12:42 - INFO - 2023-03-03: BUY CE @ 79.49
17:12:42 - INFO - 2023-03-03: SELL NIFTY09MAR2317300PE @ 38.12
17:12:42 - INFO - 2023-03-06: BUY CE @ 69.31
17:12:42 - INFO - 2023-03-06: SELL NIFTY09MAR2317600CE @ 138.76
17:12:42 - INFO - 2023-03-08: BUY CE @ 42.92
17:12:42 - INFO - 2023-03-08: SELL NIFTY09MAR2317700CE @ 27.20
17:12:42 - INFO - 2023-03-09: BUY PE @ 108.73
17:12:42 - INFO - 2023-03-09: SELL NIFTY09MAR2317750CE @ 37.22
17:12:42 - INFO - 2023-03-10: BUY CE @ 113.66
17:12:42 - INFO - 2023-03-10: SELL NIFTY16MAR2317600PE @ 222.69
17:12:42 - INFO - 2023-03-13: BUY PE @ 101.93
17:12:42 - INFO - 2023-03-13: SELL NIFTY16MAR2317400CE @ 128.38
17:12:42 - INFO - 2023-03-14: BUY PE @ 79.99
17:12:42 - INFO - 2023-03-14: SELL NIFTY16MAR2317150PE @ 116.67
17:12:42 - INFO - 2023-03-15: BUY PE @ 60.16
17:12:42 - INFO - 2023-03-15: SELL NIFTY16MAR2317050PE @ 26.12
17:12:42 - INFO - 2023-03-16: BUY CE @ 171.93
17:12:42 - INFO - 2023-03-16: SELL NIFTY16MAR2316950PE @ 56.48
17:12:42 - INFO - 2023-03-17: BUY PE @ 109.57
17:12:42 - INFO - 2023-03-17: SELL NIFTY23MAR2317000CE @ 222.04
17:12:42 - INFO - 2023-03-20: BUY CE @ 114.37
17:12:42 - INFO - 2023-03-20: SELL NIFTY23MAR2317100PE @ 165.07
17:12:42 - INFO - 2023-03-21: BUY CE @ 93.65
17:12:42 - INFO - 2023-03-21: SELL NIFTY23MAR2317000CE @ 135.78
17:12:42 - INFO - 2023-03-22: BUY PE @ 69.89
17:12:42 - INFO - 2023-03-22: SELL NIFTY23MAR2317100CE @ 122.86
17:12:42 - INFO - 2023-03-23: BUY PE @ 106.39
17:12:42 - INFO - 2023-03-23: SELL NIFTY23MAR2317150PE @ 95.58
17:12:42 - INFO - 2023-03-24: BUY PE @ 117.79
17:12:42 - INFO - 2023-03-24: SELL NIFTY29MAR2317050PE @ 91.82
17:12:42 - INFO - 2023-03-27: BUY PE @ 57.97
17:12:42 - INFO - 2023-03-27: SELL NIFTY29MAR2316950PE @ 79.18
17:12:42 - INFO - 2023-03-28: BUY PE @ 49.49
17:12:42 - INFO - 2023-03-28: SELL NIFTY29MAR2316950PE @ 33.42
17:12:42 - WARNING - 2023-03-29: No matching CE instrument found
17:12:42 - INFO - 2023-03-29: SELL NIFTY29MAR2316950PE @ 24.79
17:12:42 - INFO - 2023-03-31: BUY CE @ 93.32
17:12:42 - INFO - 2023-04-03: BUY CE @ 70.30
17:12:42 - INFO - 2023-04-03: SELL NIFTY06APR2317350CE @ 111.44
17:12:42 - INFO - 2023-04-05: BUY CE @ 45.46
17:12:42 - INFO - 2023-04-05: SELL NIFTY06APR2317400CE @ 77.70
17:12:42 - INFO - 2023-04-06: BUY CE @ 85.56
17:12:42 - INFO - 2023-04-06: SELL NIFTY06APR2317550CE @ 28.86
17:12:42 - INFO - 2023-04-10: BUY PE @ 55.20
17:12:42 - INFO - 2023-04-10: SELL NIFTY13APR2317600CE @ 105.76
17:12:42 - INFO - 2023-04-11: BUY CE @ 44.92
17:12:42 - INFO - 2023-04-11: SELL NIFTY13APR2317600PE @ 27.53
17:12:42 - INFO - 2023-04-12: BUY CE @ 53.74
17:12:42 - INFO - 2023-04-12: SELL NIFTY13APR2317750CE @ 46.01
17:12:42 - INFO - 2023-04-13: BUY CE @ 87.73
17:12:42 - INFO - 2023-04-13: SELL NIFTY13APR2317800CE @ 36.20
17:12:42 - INFO - 2023-04-17: BUY CE @ 80.69
17:12:42 - INFO - 2023-04-17: SELL NIFTY20APR2317850CE @ 44.60
17:12:42 - INFO - 2023-04-18: BUY PE @ 44.97
17:12:42 - INFO - 2023-04-18: SELL NIFTY20APR2317700CE @ 84.98
17:12:42 - INFO - 2023-04-19: BUY PE @ 35.60
17:12:42 - INFO - 2023-04-19: SELL NIFTY20APR2317650PE @ 53.48
17:12:42 - INFO - 2023-04-20: BUY CE @ 94.37
17:12:42 - INFO - 2023-04-20: SELL NIFTY20APR2317600PE @ 23.54
17:12:42 - INFO - 2023-04-21: BUY PE @ 56.95
17:12:42 - INFO - 2023-04-21: SELL NIFTY27APR2317650CE @ 101.78
17:12:42 - INFO - 2023-04-24: BUY CE @ 67.29
17:12:42 - INFO - 2023-04-24: SELL NIFTY27APR2317600PE @ 37.52
17:12:42 - INFO - 2023-04-25: BUY CE @ 64.84
17:12:42 - INFO - 2023-04-25: SELL NIFTY27APR2317750CE @ 60.43
17:12:42 - INFO - 2023-04-26: BUY CE @ 47.02
17:12:42 - INFO - 2023-04-26: SELL NIFTY27APR2317750CE @ 54.17
17:12:42 - INFO - 2023-04-27: BUY CE @ 109.42
17:12:42 - INFO - 2023-04-27: SELL NIFTY27APR2317800CE @ 38.65
17:12:42 - INFO - 2023-04-28: BUY CE @ 55.52
17:12:42 - INFO - 2023-04-28: SELL NIFTY04MAY2317900CE @ 128.74
17:12:42 - INFO - 2023-05-02: BUY PE @ 55.28
17:12:42 - INFO - 2023-05-02: SELL NIFTY04MAY2318100CE @ 91.02
17:12:42 - INFO - 2023-05-03: BUY CE @ 50.23
17:12:42 - INFO - 2023-05-03: SELL NIFTY04MAY2318150PE @ 92.33
17:12:42 - INFO - 2023-05-04: BUY CE @ 98.34
17:12:42 - INFO - 2023-05-04: SELL NIFTY04MAY2318100CE @ 32.00
17:12:42 - INFO - 2023-05-05: BUY PE @ 71.31
17:12:42 - INFO - 2023-05-05: SELL NIFTY11MAY2318250CE @ 54.19
17:12:42 - INFO - 2023-05-08: BUY CE @ 91.05
17:12:42 - INFO - 2023-05-08: SELL NIFTY11MAY2318050PE @ 41.79
17:12:42 - INFO - 2023-05-09: BUY PE @ 50.13
17:12:42 - INFO - 2023-05-09: SELL NIFTY11MAY2318250CE @ 101.19
17:12:42 - INFO - 2023-05-10: BUY CE @ 60.95
17:12:42 - INFO - 2023-05-10: SELL NIFTY11MAY2318250PE @ 33.61
17:12:42 - INFO - 2023-05-11: BUY PE @ 89.40
17:12:42 - INFO - 2023-05-11: SELL NIFTY11MAY2318300CE @ 64.14
17:12:42 - INFO - 2023-05-12: BUY CE @ 97.33
17:12:42 - INFO - 2023-05-12: SELL NIFTY18MAY2318300PE @ 120.05
17:12:42 - INFO - 2023-05-15: BUY CE @ 72.44
17:12:42 - INFO - 2023-05-15: SELL NIFTY18MAY2318300CE @ 105.00
17:12:42 - INFO - 2023-05-16: BUY PE @ 62.53
17:12:42 - INFO - 2023-05-16: SELL NIFTY18MAY2318400CE @ 74.10
17:12:42 - INFO - 2023-05-17: BUY PE @ 42.15
17:12:42 - INFO - 2023-05-17: SELL NIFTY18MAY2318300PE @ 67.37
17:12:42 - INFO - 2023-05-18: BUY PE @ 83.64
17:12:42 - INFO - 2023-05-18: SELL NIFTY18MAY2318200PE @ 8.79
17:12:42 - INFO - 2023-05-19: BUY CE @ 99.25
17:12:42 - INFO - 2023-05-19: SELL NIFTY25MAY2318150PE @ 71.54
17:12:42 - INFO - 2023-05-22: BUY CE @ 84.08
17:12:42 - INFO - 2023-05-22: SELL NIFTY25MAY2318200CE @ 84.01
17:12:42 - INFO - 2023-05-23: BUY PE @ 52.44
17:12:42 - INFO - 2023-05-23: SELL NIFTY25MAY2318300CE @ 108.50
17:12:42 - INFO - 2023-05-24: BUY CE @ 39.36
17:12:42 - INFO - 2023-05-24: SELL NIFTY25MAY2318350PE @ 83.37
17:12:42 - INFO - 2023-05-25: BUY CE @ 102.48
17:12:42 - INFO - 2023-05-25: SELL NIFTY25MAY2318300CE @ 22.49
17:12:42 - INFO - 2023-05-26: BUY CE @ 87.52
17:12:42 - INFO - 2023-05-26: SELL NIFTY01JUN2318350CE @ 101.69
17:12:42 - INFO - 2023-05-29: BUY PE @ 75.64
17:12:42 - INFO - 2023-05-29: SELL NIFTY01JUN2318500CE @ 164.90
17:12:42 - INFO - 2023-05-30: BUY CE @ 53.57
17:12:42 - INFO - 2023-05-30: SELL NIFTY01JUN2318600PE @ 73.48
17:12:42 - INFO - 2023-05-31: BUY PE @ 38.81
17:12:42 - INFO - 2023-05-31: SELL NIFTY01JUN2318650CE @ 30.10
17:12:42 - INFO - 2023-06-01: BUY PE @ 81.39
17:12:42 - INFO - 2023-06-01: SELL NIFTY01JUN2318550PE @ 44.77
17:12:42 - INFO - 2023-06-02: BUY PE @ 63.76
17:12:42 - INFO - 2023-06-02: SELL NIFTY08JUN2318450PE @ 48.21
17:12:42 - INFO - 2023-06-05: BUY PE @ 56.89
17:12:42 - INFO - 2023-06-05: SELL NIFTY08JUN2318500PE @ 27.31
17:12:42 - INFO - 2023-06-06: BUY CE @ 60.07
17:12:42 - INFO - 2023-06-06: SELL NIFTY08JUN2318600PE @ 60.49
17:12:42 - INFO - 2023-06-07: BUY CE @ 55.90
17:12:42 - INFO - 2023-06-07: SELL NIFTY08JUN2318600CE @ 86.75
17:12:42 - INFO - 2023-06-08: BUY PE @ 67.18
17:12:42 - INFO - 2023-06-08: SELL NIFTY08JUN2318700CE @ 59.85
17:12:42 - INFO - 2023-06-09: BUY PE @ 64.37
17:12:42 - INFO - 2023-06-09: SELL NIFTY15JUN2318600PE @ 56.62
17:12:42 - INFO - 2023-06-12: BUY PE @ 54.69
17:12:42 - INFO - 2023-06-12: SELL NIFTY15JUN2318550PE @ 51.68
17:12:42 - INFO - 2023-06-13: BUY CE @ 69.53
17:12:42 - INFO - 2023-06-13: SELL NIFTY15JUN2318600PE @ 30.93
17:12:42 - INFO - 2023-06-14: BUY CE @ 48.29
17:12:42 - INFO - 2023-06-14: SELL NIFTY15JUN2318700CE @ 77.96
17:12:42 - INFO - 2023-06-15: BUY PE @ 86.75
17:12:42 - INFO - 2023-06-15: SELL NIFTY15JUN2318750CE @ 27.37
17:12:42 - INFO - 2023-06-16: BUY CE @ 106.21
17:12:42 - INFO - 2023-06-16: SELL NIFTY22JUN2318700PE @ 56.84
17:12:42 - INFO - 2023-06-19: BUY PE @ 43.77
17:12:42 - INFO - 2023-06-19: SELL NIFTY22JUN2318800CE @ 119.12
17:12:42 - INFO - 2023-06-20: BUY CE @ 44.39
17:12:42 - INFO - 2023-06-20: SELL NIFTY22JUN2318750PE @ 60.15
17:12:42 - INFO - 2023-06-21: BUY CE @ 44.25
17:12:42 - INFO - 2023-06-21: SELL NIFTY22JUN2318850CE @ 41.09
17:12:42 - INFO - 2023-06-22: BUY PE @ 58.20
17:12:42 - INFO - 2023-06-22: SELL NIFTY22JUN2318850CE @ 34.07
17:12:42 - INFO - 2023-06-23: BUY PE @ 57.20
17:12:42 - INFO - 2023-06-23: SELL NIFTY29JUN2318750PE @ 88.18
17:12:42 - INFO - 2023-06-26: BUY CE @ 65.88
17:12:42 - INFO - 2023-06-26: SELL NIFTY29JUN2318650PE @ 54.71
17:12:42 - INFO - 2023-06-27: BUY CE @ 42.34
17:12:42 - INFO - 2023-06-27: SELL NIFTY29JUN2318700CE @ 89.16
17:12:42 - INFO - 2023-06-30: BUY CE @ 77.39
17:12:42 - ERROR - Exit failed for NIFTY29JUN2318800CE on 2023-06-30, pls discard this row
17:12:43 - INFO - 2023-07-03: BUY CE @ 63.18
17:12:43 - INFO - 2023-07-03: SELL NIFTY06JUL2319200CE @ 115.50
17:12:43 - INFO - 2023-07-04: BUY PE @ 67.23
17:12:43 - INFO - 2023-07-04: SELL NIFTY06JUL2319350CE @ 93.06
17:12:43 - INFO - 2023-07-05: BUY CE @ 48.87
17:12:43 - INFO - 2023-07-05: SELL NIFTY06JUL2319400PE @ 81.11
17:12:43 - INFO - 2023-07-06: BUY CE @ 98.79
17:12:43 - INFO - 2023-07-06: SELL NIFTY06JUL2319400CE @ 37.90
17:12:43 - INFO - 2023-07-07: BUY PE @ 75.81
17:12:43 - INFO - 2023-07-07: SELL NIFTY13JUL2319500CE @ 81.64
17:12:43 - INFO - 2023-07-10: BUY PE @ 64.75
17:12:43 - INFO - 2023-07-10: SELL NIFTY13JUL2319300PE @ 49.56
17:12:43 - INFO - 2023-07-11: BUY CE @ 58.53
17:12:43 - INFO - 2023-07-11: SELL NIFTY13JUL2319350PE @ 36.13
17:12:43 - INFO - 2023-07-12: BUY PE @ 25.62
17:12:43 - INFO - 2023-07-12: SELL NIFTY13JUL2319450CE @ 79.95
17:12:43 - INFO - 2023-07-13: BUY PE @ 92.77
17:12:43 - INFO - 2023-07-13: SELL NIFTY13JUL2319350PE @ 6.50
17:12:43 - INFO - 2023-07-14: BUY CE @ 78.20
17:12:43 - INFO - 2023-07-14: SELL NIFTY20JUL2319450PE @ 56.44
17:12:43 - INFO - 2023-07-17: BUY CE @ 81.49
17:12:43 - INFO - 2023-07-17: SELL NIFTY20JUL2319600CE @ 75.70
17:12:43 - INFO - 2023-07-18: BUY PE @ 66.42
17:12:43 - INFO - 2023-07-18: SELL NIFTY20JUL2319700CE @ 122.69
17:12:43 - INFO - 2023-07-19: BUY CE @ 40.56
17:12:43 - INFO - 2023-07-19: SELL NIFTY20JUL2319750PE @ 45.63
17:12:43 - INFO - 2023-07-20: BUY CE @ 97.53
17:12:43 - INFO - 2023-07-20: SELL NIFTY20JUL2319850CE @ 31.74
17:12:43 - INFO - 2023-07-21: BUY PE @ 82.19
17:12:43 - INFO - 2023-07-21: SELL NIFTY27JUL2320000CE @ 63.85
17:12:43 - INFO - 2023-07-24: BUY PE @ 70.28
17:12:43 - INFO - 2023-07-24: SELL NIFTY27JUL2319750PE @ 104.06
17:12:43 - INFO - 2023-07-25: BUY PE @ 74.18
17:12:43 - INFO - 2023-07-25: SELL NIFTY27JUL2319650PE @ 54.31
17:12:43 - INFO - 2023-07-26: BUY CE @ 44.17
17:12:43 - INFO - 2023-07-26: SELL NIFTY27JUL2319700PE @ 53.60
17:12:43 - INFO - 2023-07-28: BUY CE @ 101.52
17:12:43 - ERROR - Exit failed for NIFTY27JUL2319800CE on 2023-07-28, pls discard this row
17:12:43 - INFO - 2023-07-31: BUY CE @ 83.14
17:12:43 - INFO - 2023-07-31: SELL NIFTY03AUG2319650CE @ 91.50
17:12:43 - INFO - 2023-08-01: BUY PE @ 69.65
17:12:43 - INFO - 2023-08-01: SELL NIFTY03AUG2319750CE @ 83.35
17:12:43 - INFO - 2023-08-02: BUY PE @ 65.36
17:12:43 - INFO - 2023-08-02: SELL NIFTY03AUG2319750PE @ 118.65
17:12:43 - INFO - 2023-08-03: BUY PE @ 95.26
17:12:43 - INFO - 2023-08-03: SELL NIFTY03AUG2319550PE @ 119.96
17:12:43 - INFO - 2023-08-04: BUY CE @ 106.04
17:12:43 - INFO - 2023-08-04: SELL NIFTY10AUG2319400PE @ 68.43
17:12:43 - INFO - 2023-08-07: BUY CE @ 80.38
17:12:43 - INFO - 2023-08-07: SELL NIFTY10AUG2319500CE @ 124.99
17:12:43 - INFO - 2023-08-08: BUY PE @ 56.77
17:12:43 - INFO - 2023-08-08: SELL NIFTY10AUG2319600CE @ 77.26
17:12:43 - INFO - 2023-08-09: BUY CE @ 43.27
17:12:43 - INFO - 2023-08-09: SELL NIFTY10AUG2319550PE @ 62.06
17:12:43 - INFO - 2023-08-10: BUY PE @ 86.58
17:12:43 - INFO - 2023-08-10: SELL NIFTY10AUG2319650CE @ 26.54
17:12:43 - INFO - 2023-08-11: BUY PE @ 69.59
17:12:43 - INFO - 2023-08-11: SELL NIFTY17AUG2319550PE @ 108.96
17:12:43 - INFO - 2023-08-14: BUY CE @ 64.55
17:12:43 - INFO - 2023-08-14: SELL NIFTY17AUG2319450PE @ 143.03
17:12:43 - INFO - 2023-08-16: BUY CE @ 49.93
17:12:43 - INFO - 2023-08-16: SELL NIFTY17AUG2319450CE @ 21.97
17:12:43 - INFO - 2023-08-17: BUY PE @ 87.88
17:12:43 - INFO - 2023-08-17: SELL NIFTY17AUG2319450CE @ 35.90
17:12:43 - INFO - 2023-08-18: BUY CE @ 90.09
17:12:43 - INFO - 2023-08-18: SELL NIFTY24AUG2319350PE @ 129.18
17:12:43 - INFO - 2023-08-21: BUY CE @ 53.72
17:12:43 - INFO - 2023-08-21: SELL NIFTY24AUG2319300CE @ 95.20
17:12:43 - INFO - 2023-08-22: BUY PE @ 70.83
17:12:43 - INFO - 2023-08-22: SELL NIFTY24AUG2319400CE @ 58.81
17:12:43 - INFO - 2023-08-23: BUY CE @ 36.84
17:12:43 - INFO - 2023-08-23: SELL NIFTY24AUG2319400PE @ 64.92
17:12:43 - INFO - 2023-08-24: BUY PE @ 108.42
17:12:43 - INFO - 2023-08-24: SELL NIFTY24AUG2319450CE @ 74.60
17:12:43 - INFO - 2023-08-25: BUY PE @ 94.55
17:12:43 - INFO - 2023-08-25: SELL NIFTY31AUG2319400PE @ 168.21
17:12:43 - INFO - 2023-08-28: BUY PE @ 64.35
17:12:43 - INFO - 2023-08-28: SELL NIFTY31AUG2319250PE @ 63.60
17:12:43 - INFO - 2023-08-30: BUY PE @ 43.92
17:12:43 - INFO - 2023-08-30: SELL NIFTY31AUG2319300PE @ 13.60
17:12:43 - INFO - 2023-08-31: BUY PE @ 62.35
17:12:43 - INFO - 2023-08-31: SELL NIFTY31AUG2319350PE @ 35.37
17:12:43 - INFO - 2023-09-01: BUY CE @ 78.94
17:12:43 - INFO - 2023-09-01: SELL NIFTY07SEP2319250PE @ 66.01
17:12:43 - INFO - 2023-09-04: BUY CE @ 55.83
17:12:43 - INFO - 2023-09-04: SELL NIFTY07SEP2319450CE @ 100.51
17:12:43 - INFO - 2023-09-05: BUY CE @ 66.63
17:12:43 - INFO - 2023-09-05: SELL NIFTY07SEP2319550CE @ 53.95
17:12:43 - INFO - 2023-09-06: BUY CE @ 36.41
17:12:43 - INFO - 2023-09-06: SELL NIFTY07SEP2319550CE @ 59.07
17:12:43 - INFO - 2023-09-07: BUY CE @ 106.48
17:12:43 - INFO - 2023-09-07: SELL NIFTY07SEP2319600CE @ 17.63
17:12:43 - INFO - 2023-09-08: BUY CE @ 78.53
17:12:43 - INFO - 2023-09-08: SELL NIFTY14SEP2319700CE @ 120.66
17:12:43 - INFO - 2023-09-11: BUY CE @ 79.40
17:12:43 - INFO - 2023-09-11: SELL NIFTY14SEP2319850CE @ 98.57
17:12:43 - INFO - 2023-09-12: BUY PE @ 67.54
17:12:43 - INFO - 2023-09-12: SELL NIFTY14SEP2320000CE @ 120.95
17:12:43 - INFO - 2023-09-13: BUY CE @ 59.97
17:12:43 - INFO - 2023-09-13: SELL NIFTY14SEP2320000PE @ 83.46
17:12:43 - INFO - 2023-09-14: BUY PE @ 77.39
17:12:43 - INFO - 2023-09-14: SELL NIFTY14SEP2320050CE @ 88.39
17:12:43 - INFO - 2023-09-15: BUY CE @ 97.36
17:12:43 - INFO - 2023-09-15: SELL NIFTY21SEP2320100PE @ 61.52
17:12:43 - INFO - 2023-09-18: BUY PE @ 70.97
17:12:43 - INFO - 2023-09-18: SELL NIFTY21SEP2320200CE @ 59.24
17:12:43 - INFO - 2023-09-20: BUY PE @ 41.01
17:12:43 - INFO - 2023-09-20: SELL NIFTY21SEP2320150PE @ 133.77
17:12:43 - INFO - 2023-09-21: BUY PE @ 93.84
17:12:43 - INFO - 2023-09-21: SELL NIFTY21SEP2319900PE @ 91.27
17:12:43 - INFO - 2023-09-22: BUY PE @ 66.96
17:12:43 - INFO - 2023-09-22: SELL NIFTY28SEP2319750PE @ 97.24
17:12:43 - INFO - 2023-09-25: BUY CE @ 103.71
17:12:43 - INFO - 2023-09-25: SELL NIFTY28SEP2319650PE @ 77.64
17:12:43 - INFO - 2023-09-26: BUY PE @ 49.00
17:12:43 - INFO - 2023-09-26: SELL NIFTY28SEP2319650CE @ 92.38
17:12:43 - INFO - 2023-09-27: BUY CE @ 51.26
17:12:43 - INFO - 2023-09-27: SELL NIFTY28SEP2319650PE @ 76.85
17:12:43 - INFO - 2023-09-28: BUY PE @ 106.71
17:12:43 - INFO - 2023-09-28: SELL NIFTY28SEP2319700CE @ 53.35
17:12:43 - INFO - 2023-09-29: BUY CE @ 91.54
17:12:43 - INFO - 2023-09-29: SELL NIFTY05OCT2319550PE @ 73.10
17:12:43 - INFO - 2023-10-03: BUY PE @ 74.90
17:12:43 - INFO - 2023-10-03: SELL NIFTY05OCT2319650CE @ 37.76
17:12:43 - INFO - 2023-10-04: BUY CE @ 42.91
17:12:43 - INFO - 2023-10-04: SELL NIFTY05OCT2319550PE @ 154.35
17:12:43 - INFO - 2023-10-05: BUY CE @ 104.43
17:12:43 - INFO - 2023-10-05: SELL NIFTY05OCT2319450CE @ 79.50
17:12:43 - INFO - 2023-10-06: BUY CE @ 92.67
17:12:43 - INFO - 2023-10-06: SELL NIFTY12OCT2319550CE @ 123.09
17:12:43 - INFO - 2023-10-09: BUY PE @ 81.23
17:12:43 - INFO - 2023-10-09: SELL NIFTY12OCT2319650CE @ 38.80
17:12:43 - INFO - 2023-10-10: BUY CE @ 84.83
17:12:43 - INFO - 2023-10-10: SELL NIFTY12OCT2319500PE @ 34.69
17:12:43 - INFO - 2023-10-11: BUY CE @ 62.91
17:12:43 - INFO - 2023-10-11: SELL NIFTY12OCT2319700CE @ 123.58
17:12:43 - INFO - 2023-10-12: BUY PE @ 94.07
17:12:43 - INFO - 2023-10-12: SELL NIFTY12OCT2319800CE @ 58.60
17:12:43 - INFO - 2023-10-13: BUY CE @ 93.70
17:12:43 - INFO - 2023-10-13: SELL NIFTY19OCT2319800PE @ 156.20
17:12:43 - INFO - 2023-10-16: BUY CE @ 109.37
17:12:43 - INFO - 2023-10-16: SELL NIFTY19OCT2319750CE @ 69.80
17:12:43 - INFO - 2023-10-17: BUY PE @ 61.62
17:12:43 - INFO - 2023-10-17: SELL NIFTY19OCT2319700CE @ 147.11
17:12:43 - INFO - 2023-10-18: BUY PE @ 38.18
17:12:43 - INFO - 2023-10-18: SELL NIFTY19OCT2319800PE @ 65.09
17:12:43 - INFO - 2023-10-19: BUY CE @ 117.85
17:12:43 - INFO - 2023-10-19: SELL NIFTY19OCT2319650PE @ 98.01
17:12:43 - INFO - 2023-10-20: BUY PE @ 108.02
17:12:43 - INFO - 2023-10-20: SELL NIFTY26OCT2319600CE @ 73.20
17:12:43 - INFO - 2023-10-23: BUY PE @ 102.31
17:12:43 - INFO - 2023-10-23: SELL NIFTY26OCT2319550PE @ 96.65
17:12:43 - INFO - 2023-10-25: BUY PE @ 56.24
17:12:43 - INFO - 2023-10-25: SELL NIFTY26OCT2319300PE @ 50.73
17:12:43 - INFO - 2023-10-26: BUY PE @ 111.20
17:12:43 - INFO - 2023-10-26: SELL NIFTY26OCT2319100PE @ 99.64
17:12:43 - INFO - 2023-10-27: BUY CE @ 116.71
17:12:43 - INFO - 2023-10-27: SELL NIFTY02NOV2318850PE @ 75.77
17:12:43 - INFO - 2023-10-30: BUY CE @ 93.36
17:12:43 - INFO - 2023-10-30: SELL NIFTY02NOV2319050CE @ 84.00
17:12:43 - INFO - 2023-10-31: BUY PE @ 70.41
17:12:43 - INFO - 2023-10-31: SELL NIFTY02NOV2319150CE @ 110.86
17:12:43 - INFO - 2023-11-01: BUY PE @ 68.89
17:12:43 - INFO - 2023-11-01: SELL NIFTY02NOV2319100PE @ 94.43
17:12:43 - INFO - 2023-11-02: BUY PE @ 92.86
17:12:43 - INFO - 2023-11-02: SELL NIFTY02NOV2319000PE @ 4.95
17:12:43 - INFO - 2023-11-03: BUY PE @ 92.73
17:12:43 - INFO - 2023-11-03: SELL NIFTY09NOV2319150PE @ 48.79
17:12:43 - INFO - 2023-11-06: BUY CE @ 84.50
17:12:43 - INFO - 2023-11-06: SELL NIFTY09NOV2319250PE @ 41.17
17:12:43 - INFO - 2023-11-08: BUY CE @ 36.99
17:12:43 - INFO - 2023-11-08: SELL NIFTY09NOV2319400CE @ 73.31
17:12:43 - INFO - 2023-11-09: BUY PE @ 74.18
17:12:43 - INFO - 2023-11-09: SELL NIFTY09NOV2319450CE @ 22.36
17:12:43 - INFO - 2023-11-10: BUY CE @ 77.04
17:12:43 - INFO - 2023-11-10: SELL NIFTY16NOV2319400PE @ 113.89
17:12:43 - INFO - 2023-11-13: BUY PE @ 60.51
17:12:43 - INFO - 2023-11-13: SELL NIFTY16NOV2319450CE @ 80.33
17:12:43 - INFO - 2023-11-15: BUY CE @ 34.31
17:12:43 - INFO - 2023-11-15: SELL NIFTY16NOV2319450PE @ 9.13
17:12:43 - INFO - 2023-11-16: BUY CE @ 122.00
17:12:43 - INFO - 2023-11-16: SELL NIFTY16NOV2319700CE @ 10.04
17:12:43 - INFO - 2023-11-17: BUY CE @ 116.12
17:12:43 - INFO - 2023-11-17: SELL NIFTY23NOV2319750CE @ 103.63
17:12:43 - INFO - 2023-11-20: BUY PE @ 74.05
17:12:43 - INFO - 2023-11-20: SELL NIFTY23NOV2319750CE @ 96.67
17:12:43 - INFO - 2023-11-21: BUY CE @ 63.02
17:12:43 - INFO - 2023-11-21: SELL NIFTY23NOV2319700PE @ 41.10
17:12:43 - INFO - 2023-11-22: BUY CE @ 60.22
17:12:43 - INFO - 2023-11-22: SELL NIFTY23NOV2319800CE @ 61.57
17:12:43 - INFO - 2023-11-28: BUY CE @ 83.63
17:12:43 - ERROR - Exit failed for NIFTY23NOV2319800CE on 2023-11-28, pls discard this row
17:12:43 - INFO - 2023-11-29: BUY CE @ 62.43
17:12:43 - INFO - 2023-11-29: SELL NIFTY30NOV2319900CE @ 116.50
17:12:43 - INFO - 2023-11-30: BUY CE @ 169.92
17:12:43 - INFO - 2023-11-30: SELL NIFTY30NOV2320100CE @ 56.62
17:12:43 - INFO - 2023-12-01: BUY CE @ 154.64
17:12:43 - INFO - 2023-12-01: SELL NIFTY07DEC2320150CE @ 187.94
17:12:43 - INFO - 2023-12-04: BUY CE @ 101.27
17:12:43 - INFO - 2023-12-04: SELL NIFTY07DEC2320250CE @ 328.07
17:12:43 - INFO - 2023-12-07: BUY CE @ 163.43
17:12:43 - INFO - 2023-12-07: SELL NIFTY07DEC2320700CE @ 180.18
17:12:43 - INFO - 2023-12-08: BUY CE @ 115.95
17:12:43 - INFO - 2023-12-08: SELL NIFTY14DEC2320900CE @ 169.38
17:12:43 - INFO - 2023-12-11: BUY CE @ 96.52
17:12:43 - INFO - 2023-12-11: SELL NIFTY14DEC2321000CE @ 99.73
17:12:43 - INFO - 2023-12-12: BUY PE @ 59.54
17:12:43 - INFO - 2023-12-12: SELL NIFTY14DEC2321000CE @ 110.74
17:12:43 - INFO - 2023-12-13: BUY CE @ 41.02
17:12:43 - INFO - 2023-12-13: SELL NIFTY14DEC2320900PE @ 60.80
17:12:43 - INFO - 2023-12-14: BUY CE @ 162.61
17:12:43 - INFO - 2023-12-14: SELL NIFTY14DEC2320950CE @ 138.93
17:12:43 - INFO - 2023-12-15: BUY CE @ 134.41
17:12:43 - INFO - 2023-12-15: SELL NIFTY21DEC2321200CE @ 200.33
17:12:43 - INFO - 2023-12-18: BUY CE @ 111.00
17:12:43 - INFO - 2023-12-18: SELL NIFTY21DEC2321500CE @ 70.22
17:12:43 - INFO - 2023-12-19: BUY CE @ 75.07
17:12:43 - INFO - 2023-12-19: SELL NIFTY21DEC2321400CE @ 109.77
17:12:43 - INFO - 2023-12-20: BUY PE @ 80.42
17:12:43 - INFO - 2023-12-20: SELL NIFTY21DEC2321450CE @ 125.23
17:12:43 - INFO - 2023-12-21: BUY CE @ 202.95
17:12:43 - INFO - 2023-12-21: SELL NIFTY21DEC2321150PE @ 159.28
17:12:43 - INFO - 2023-12-22: BUY CE @ 160.12
17:12:43 - INFO - 2023-12-22: SELL NIFTY28DEC2321250CE @ 179.71
17:12:43 - INFO - 2023-12-26: BUY CE @ 110.08
17:12:43 - INFO - 2023-12-26: SELL NIFTY28DEC2321350CE @ 127.49
17:12:43 - INFO - 2023-12-27: BUY CE @ 86.51
17:12:43 - INFO - 2023-12-27: SELL NIFTY28DEC2321450CE @ 126.83
17:12:43 - INFO - 2023-12-28: BUY CE @ 193.15
17:12:43 - INFO - 2023-12-28: SELL NIFTY28DEC2321650CE @ 109.14
17:12:43 - INFO - 2023-12-29: BUY PE @ 104.59
17:12:43 - INFO - 2023-12-29: SELL NIFTY04JAN2421800CE @ 138.32
17:12:43 - INFO - 2024-01-01: BUY CE @ 119.36
17:12:43 - INFO - 2024-01-01: SELL NIFTY04JAN2421700PE @ 108.12
17:12:43 - INFO - 2024-01-02: BUY PE @ 82.42
17:12:43 - INFO - 2024-01-02: SELL NIFTY04JAN2421750CE @ 97.04
17:12:43 - INFO - 2024-01-03: BUY PE @ 57.13
17:12:43 - INFO - 2024-01-03: SELL NIFTY04JAN2421650PE @ 99.73
17:12:43 - INFO - 2024-01-04: BUY CE @ 155.93
17:12:43 - INFO - 2024-01-04: SELL NIFTY04JAN2421500PE @ 15.95
17:12:43 - INFO - 2024-01-05: BUY PE @ 100.95
17:12:43 - INFO - 2024-01-05: SELL NIFTY11JAN2421650CE @ 178.67
17:12:43 - INFO - 2024-01-08: BUY PE @ 92.87
17:12:43 - INFO - 2024-01-08: SELL NIFTY11JAN2421700PE @ 87.53
17:12:43 - INFO - 2024-01-09: BUY PE @ 89.62
17:12:43 - INFO - 2024-01-09: SELL NIFTY11JAN2421500PE @ 28.49
17:12:43 - INFO - 2024-01-10: BUY CE @ 91.25
17:12:43 - INFO - 2024-01-10: SELL NIFTY11JAN2421550PE @ 83.14
17:12:43 - INFO - 2024-01-11: BUY PE @ 132.97
17:12:43 - INFO - 2024-01-11: SELL NIFTY11JAN2421600CE @ 115.87
17:12:43 - INFO - 2024-01-12: BUY CE @ 150.00
17:12:43 - INFO - 2024-01-12: SELL NIFTY18JAN2421650PE @ 93.89
17:12:43 - INFO - 2024-01-15: BUY CE @ 121.67
17:12:43 - INFO - 2024-01-15: SELL NIFTY18JAN2421900CE @ 203.38
17:12:43 - INFO - 2024-01-17: BUY PE @ 71.99
17:12:43 - INFO - 2024-01-17: SELL NIFTY18JAN2422100CE @ 18.22
17:12:43 - INFO - 2024-01-18: BUY CE @ 216.48
17:12:43 - INFO - 2024-01-18: SELL NIFTY18JAN2421550PE @ 135.88
17:12:43 - INFO - 2024-01-19: BUY CE @ 161.64
17:12:43 - INFO - 2024-01-19: SELL NIFTY25JAN2421450CE @ 273.64
17:12:43 - INFO - 2024-01-20: BUY PE @ 117.41
17:12:43 - INFO - 2024-01-20: SELL NIFTY25JAN2421650CE @ 182.93
17:12:43 - INFO - 2024-01-23: BUY PE @ 141.87
17:12:43 - INFO - 2024-01-23: SELL NIFTY25JAN2421600PE @ 39.72
17:12:43 - INFO - 2024-01-25: BUY PE @ 151.59
17:12:43 - INFO - 2024-01-25: SELL NIFTY25JAN2421250PE @ 18.69
17:12:43 - INFO - 2024-01-29: BUY CE @ 189.93
17:12:43 - INFO - 2024-01-29: SELL NIFTY01FEB2421350PE @ 99.47
17:12:43 - INFO - 2024-01-31: BUY CE @ 121.34
17:12:43 - INFO - 2024-01-31: SELL NIFTY01FEB2421750CE @ 53.03
17:12:43 - INFO - 2024-02-01: BUY PE @ 164.12
17:12:43 - INFO - 2024-02-01: SELL NIFTY01FEB2421750CE @ 118.56
17:12:43 - INFO - 2024-02-02: BUY PE @ 142.86
17:12:43 - INFO - 2024-02-02: SELL NIFTY08FEB2421700PE @ 82.78
17:12:43 - INFO - 2024-02-05: BUY PE @ 154.96
17:12:43 - INFO - 2024-02-05: SELL NIFTY08FEB2421850PE @ 145.36
17:12:43 - INFO - 2024-02-06: BUY CE @ 127.77
17:12:43 - INFO - 2024-02-06: SELL NIFTY08FEB2421750PE @ 123.34
17:12:43 - INFO - 2024-02-07: BUY PE @ 77.10
17:12:43 - INFO - 2024-02-07: SELL NIFTY08FEB2421900CE @ 197.85
17:12:43 - INFO - 2024-02-08: BUY PE @ 144.34
17:12:43 - INFO - 2024-02-08: SELL NIFTY08FEB2421950PE @ 37.47
17:12:43 - INFO - 2024-02-12: BUY PE @ 135.13
17:12:43 - INFO - 2024-02-12: SELL NIFTY15FEB2421700PE @ 108.26
17:12:43 - INFO - 2024-02-13: BUY CE @ 112.55
17:12:43 - INFO - 2024-02-13: SELL NIFTY15FEB2421600PE @ 105.46
17:12:43 - INFO - 2024-02-14: BUY CE @ 83.15
17:12:43 - INFO - 2024-02-14: SELL NIFTY15FEB2421750CE @ 34.03
17:12:43 - INFO - 2024-02-15: BUY CE @ 208.33
17:12:43 - INFO - 2024-02-15: SELL NIFTY15FEB2421850CE @ 97.54
17:12:43 - INFO - 2024-02-16: BUY CE @ 146.60
17:12:43 - INFO - 2024-02-16: SELL NIFTY22FEB2421900CE @ 236.10
17:12:43 - INFO - 2024-02-19: BUY CE @ 122.46
17:12:43 - INFO - 2024-02-19: SELL NIFTY22FEB2422050CE @ 161.67
17:12:43 - INFO - 2024-02-20: BUY CE @ 106.79
17:12:43 - INFO - 2024-02-20: SELL NIFTY22FEB2422150CE @ 87.19
17:12:43 - INFO - 2024-02-21: BUY PE @ 87.14
17:12:43 - INFO - 2024-02-21: SELL NIFTY22FEB2422200CE @ 105.77
17:12:43 - INFO - 2024-02-22: BUY CE @ 169.55
17:12:43 - INFO - 2024-02-22: SELL NIFTY22FEB2422050PE @ 62.42
17:12:43 - INFO - 2024-02-23: BUY PE @ 132.89
17:12:43 - INFO - 2024-02-23: SELL NIFTY29FEB2422250CE @ 171.85
17:12:43 - INFO - 2024-02-26: BUY PE @ 117.12
17:12:43 - INFO - 2024-02-26: SELL NIFTY29FEB2422200PE @ 149.03
17:12:43 - INFO - 2024-02-27: BUY CE @ 98.27
17:12:43 - INFO - 2024-02-27: SELL NIFTY29FEB2422100PE @ 118.87
17:12:43 - INFO - 2024-02-28: BUY PE @ 115.77
17:12:43 - INFO - 2024-02-28: SELL NIFTY29FEB2422200CE @ 101.95
17:12:43 - INFO - 2024-02-29: BUY CE @ 225.92
17:12:43 - INFO - 2024-02-29: SELL NIFTY29FEB2421950PE @ 89.82
17:12:43 - INFO - 2024-03-01: BUY CE @ 161.07
17:12:43 - INFO - 2024-03-01: SELL NIFTY07MAR2422000CE @ 261.19
17:12:43 - WARNING - Missing spot price for 2024-03-02 00:00:00
17:12:43 - WARNING - Skipping 2024-03-02 00:00:00 - spot price not found
17:12:43 - INFO - 2024-03-04: BUY PE @ 131.31
17:12:43 - INFO - 2024-03-05: BUY CE @ 93.41
17:12:43 - INFO - 2024-03-05: SELL NIFTY07MAR2422400PE @ 145.64
17:12:43 - INFO - 2024-03-06: BUY CE @ 98.94
17:12:43 - INFO - 2024-03-06: SELL NIFTY07MAR2422350CE @ 69.60
17:12:43 - INFO - 2024-03-07: BUY PE @ 130.54
17:12:43 - INFO - 2024-03-07: SELL NIFTY07MAR2422450CE @ 83.61
17:12:43 - INFO - 2024-03-11: BUY PE @ 91.42
17:12:43 - INFO - 2024-03-11: SELL NIFTY14MAR2422500PE @ 123.32
17:12:43 - INFO - 2024-03-12: BUY PE @ 89.50
17:12:43 - INFO - 2024-03-12: SELL NIFTY14MAR2422300PE @ 77.88
17:12:43 - INFO - 2024-03-13: BUY PE @ 110.58
17:12:43 - INFO - 2024-03-13: SELL NIFTY14MAR2422350PE @ 66.50
17:12:43 - INFO - 2024-03-14: BUY CE @ 199.78
17:12:43 - INFO - 2024-03-14: SELL NIFTY14MAR2422000PE @ 107.16
17:12:43 - INFO - 2024-03-15: BUY PE @ 125.45
17:12:43 - INFO - 2024-03-15: SELL NIFTY21MAR2422150CE @ 139.92
17:12:43 - INFO - 2024-03-18: BUY CE @ 125.10
17:12:43 - INFO - 2024-03-18: SELL NIFTY21MAR2422050PE @ 165.09
17:12:43 - INFO - 2024-03-19: BUY PE @ 94.70
17:12:43 - INFO - 2024-03-19: SELL NIFTY21MAR2422050CE @ 92.12
17:12:43 - INFO - 2024-03-20: BUY PE @ 71.62
17:12:43 - INFO - 2024-03-20: SELL NIFTY21MAR2421800PE @ 65.13
17:12:43 - INFO - 2024-03-21: BUY CE @ 195.62
17:12:43 - INFO - 2024-03-21: SELL NIFTY21MAR2421850PE @ 11.77
17:12:43 - INFO - 2024-03-22: BUY CE @ 150.19
17:12:43 - INFO - 2024-03-22: SELL NIFTY28MAR2422000CE @ 152.63
17:12:43 - INFO - 2024-03-26: BUY PE @ 62.82
17:12:43 - INFO - 2024-03-26: SELL NIFTY28MAR2422100CE @ 119.90
17:12:43 - INFO - 2024-03-27: BUY CE @ 78.81
17:12:43 - INFO - 2024-03-27: SELL NIFTY28MAR2422000PE @ 53.50
17:12:43 - INFO - 2024-03-28: BUY CE @ 171.54
17:12:43 - INFO - 2024-03-28: SELL NIFTY28MAR2422150CE @ 69.68
17:12:43 - INFO - 2024-04-01: BUY PE @ 91.32
17:12:43 - INFO - 2024-04-01: SELL NIFTY04APR2422300CE @ 241.54
17:12:43 - INFO - 2024-04-02: BUY CE @ 90.37
17:12:43 - INFO - 2024-04-02: SELL NIFTY04APR2422450PE @ 111.50
17:12:43 - INFO - 2024-04-03: BUY CE @ 48.40
17:12:43 - INFO - 2024-04-03: SELL NIFTY04APR2422450CE @ 40.13
17:12:43 - INFO - 2024-04-04: BUY PE @ 123.17
17:12:43 - INFO - 2024-04-04: SELL NIFTY04APR2422450CE @ 122.13
17:12:43 - INFO - 2024-04-05: BUY CE @ 135.95
17:12:43 - INFO - 2024-04-05: SELL NIFTY10APR2422550PE @ 168.40
17:12:43 - INFO - 2024-04-08: BUY CE @ 106.29
17:12:43 - INFO - 2024-04-08: SELL NIFTY10APR2422500CE @ 152.65
17:12:43 - INFO - 2024-04-09: BUY PE @ 54.59
17:12:43 - INFO - 2024-04-09: SELL NIFTY10APR2422650CE @ 121.92
17:12:43 - INFO - 2024-04-10: BUY CE @ 140.23
17:12:43 - INFO - 2024-04-10: SELL NIFTY10APR2422650PE @ 37.20
17:12:43 - INFO - 2024-04-12: BUY PE @ 86.81
17:12:43 - INFO - 2024-04-12: SELL NIFTY18APR2422750CE @ 102.51
17:12:43 - INFO - 2024-04-15: BUY PE @ 76.22
17:12:43 - INFO - 2024-04-15: SELL NIFTY18APR2422500PE @ 167.41
17:12:43 - INFO - 2024-04-16: BUY CE @ 94.37
17:12:43 - INFO - 2024-04-16: SELL NIFTY18APR2422250PE @ 142.35
17:12:43 - INFO - 2024-04-18: BUY PE @ 131.88
17:12:43 - INFO - 2024-04-18: SELL NIFTY18APR2422150CE @ 108.31
17:12:43 - INFO - 2024-04-19: BUY CE @ 140.40
17:12:43 - INFO - 2024-04-19: SELL NIFTY25APR2422000PE @ 250.77
17:12:43 - INFO - 2024-04-22: BUY CE @ 117.20
17:12:43 - INFO - 2024-04-22: SELL NIFTY25APR2422150CE @ 187.15
17:12:43 - INFO - 2024-04-23: BUY PE @ 81.25
17:12:43 - INFO - 2024-04-23: SELL NIFTY25APR2422350CE @ 118.26
17:12:43 - INFO - 2024-04-24: BUY PE @ 45.49
17:12:43 - INFO - 2024-04-24: SELL NIFTY25APR2422350PE @ 47.79
17:12:43 - INFO - 2024-04-25: BUY CE @ 145.69
17:12:43 - INFO - 2024-04-25: SELL NIFTY25APR2422400PE @ 79.88
17:12:43 - INFO - 2024-04-26: BUY PE @ 99.99
17:12:43 - INFO - 2024-04-26: SELL NIFTY02MAY2422550CE @ 157.24
17:12:43 - INFO - 2024-04-29: BUY CE @ 108.12
17:12:43 - INFO - 2024-04-29: SELL NIFTY02MAY2422450PE @ 77.93
17:12:43 - INFO - 2024-04-30: BUY PE @ 60.55
17:12:43 - INFO - 2024-04-30: SELL NIFTY02MAY2422650CE @ 113.81
17:12:43 - INFO - 2024-05-02: BUY PE @ 109.66
17:12:43 - INFO - 2024-05-02: SELL NIFTY02MAY2422600PE @ 39.92
17:12:43 - INFO - 2024-05-03: BUY PE @ 128.18
17:12:43 - INFO - 2024-05-03: SELL NIFTY09MAY2422650PE @ 73.82
17:12:43 - WARNING - Missing spot price for 2024-05-04 00:00:00
17:12:43 - WARNING - Skipping 2024-05-04 00:00:00 - spot price not found
17:12:43 - INFO - 2024-05-06: BUY PE @ 118.66
17:12:43 - INFO - 2024-05-07: BUY PE @ 102.72
17:12:43 - INFO - 2024-05-07: SELL NIFTY09MAY2422450PE @ 100.50
17:12:43 - INFO - 2024-05-08: BUY CE @ 73.31
17:12:43 - INFO - 2024-05-08: SELL NIFTY09MAY2422300PE @ 151.10
17:12:43 - INFO - 2024-05-09: BUY PE @ 148.55
17:12:43 - INFO - 2024-05-09: SELL NIFTY09MAY2422300CE @ 67.16
17:12:43 - INFO - 2024-05-10: BUY CE @ 160.68
17:12:43 - INFO - 2024-05-10: SELL NIFTY16MAY2421950PE @ 127.75
17:12:43 - INFO - 2024-05-13: BUY CE @ 138.71
17:12:43 - INFO - 2024-05-13: SELL NIFTY16MAY2422050CE @ 128.82
17:12:43 - INFO - 2024-05-14: BUY CE @ 113.92
17:12:43 - INFO - 2024-05-14: SELL NIFTY16MAY2422100CE @ 154.13
17:12:43 - INFO - 2024-05-15: BUY PE @ 70.43
17:12:43 - INFO - 2024-05-15: SELL NIFTY16MAY2422200CE @ 120.04
17:12:43 - INFO - 2024-05-16: BUY CE @ 168.77
17:12:43 - INFO - 2024-05-16: SELL NIFTY16MAY2422200PE @ 27.98
17:12:43 - INFO - 2024-05-17: BUY CE @ 145.21
17:12:43 - INFO - 2024-05-17: SELL NIFTY23MAY2422400CE @ 155.08
17:12:43 - INFO - 2024-05-21: BUY CE @ 95.10
17:12:43 - INFO - 2024-05-21: SELL NIFTY23MAY2422450CE @ 164.07
17:12:43 - INFO - 2024-05-22: BUY CE @ 77.15
17:12:43 - INFO - 2024-05-22: SELL NIFTY23MAY2422550CE @ 94.01
17:12:43 - INFO - 2024-05-23: BUY CE @ 173.93
17:12:43 - INFO - 2024-05-23: SELL NIFTY23MAY2422600CE @ 71.19
17:12:43 - INFO - 2024-05-24: BUY CE @ 198.92
17:12:43 - INFO - 2024-05-24: SELL NIFTY30MAY2423000CE @ 155.67
17:12:43 - INFO - 2024-05-27: BUY PE @ 108.02
17:12:43 - INFO - 2024-05-27: SELL NIFTY30MAY2422950CE @ 202.31
17:12:43 - INFO - 2024-05-28: BUY PE @ 92.64
17:12:43 - INFO - 2024-05-28: SELL NIFTY30MAY2422950PE @ 106.51
17:12:43 - INFO - 2024-05-29: BUY PE @ 68.71
17:12:43 - INFO - 2024-05-29: SELL NIFTY30MAY2422900PE @ 136.51
17:12:43 - WARNING - 2024-05-30: No matching PE instrument found
17:12:43 - INFO - 2024-05-30: SELL NIFTY30MAY2422700PE @ 101.22
17:12:43 - INFO - 2024-05-31: BUY PE @ 386.92
17:12:43 - INFO - 2024-06-03: BUY CE @ 345.86
17:12:43 - INFO - 2024-06-03: SELL NIFTY06JUN2422550PE @ 108.53
17:12:43 - INFO - 2024-06-04: BUY PE @ 330.93
17:12:43 - INFO - 2024-06-04: SELL NIFTY06JUN2423300CE @ 164.12
17:12:43 - INFO - 2024-06-05: BUY CE @ 135.43
17:12:43 - INFO - 2024-06-05: SELL NIFTY06JUN2421900PE @ 199.68
17:12:43 - INFO - 2024-06-06: BUY CE @ 237.64
17:12:43 - INFO - 2024-06-06: SELL NIFTY06JUN2422600CE @ 177.33
17:12:43 - INFO - 2024-06-07: BUY CE @ 211.41
17:12:43 - INFO - 2024-06-07: SELL NIFTY13JUN2422850CE @ 208.87
17:12:43 - INFO - 2024-06-10: BUY PE @ 193.21
17:12:43 - INFO - 2024-06-10: SELL NIFTY13JUN2423300CE @ 250.30
17:12:43 - WARNING - 2024-06-11: No matching CE instrument found
17:12:43 - INFO - 2024-06-11: SELL NIFTY13JUN2423250PE @ 165.99
17:12:43 - INFO - 2024-06-12: BUY PE @ 74.03
17:12:43 - INFO - 2024-06-13: BUY PE @ 149.43
17:12:43 - INFO - 2024-06-13: SELL NIFTY13JUN2423300PE @ 20.60
17:12:43 - INFO - 2024-06-14: BUY CE @ 112.02
17:12:43 - INFO - 2024-06-14: SELL NIFTY20JUN2423400PE @ 124.47
17:12:43 - INFO - 2024-06-18: BUY CE @ 93.36
17:12:43 - INFO - 2024-06-18: SELL NIFTY20JUN2423450CE @ 149.06
17:12:43 - INFO - 2024-06-19: BUY PE @ 70.06
17:12:43 - INFO - 2024-06-19: SELL NIFTY20JUN2423550CE @ 102.33
17:12:43 - INFO - 2024-06-20: BUY CE @ 132.93
17:12:43 - INFO - 2024-06-20: SELL NIFTY20JUN2423500PE @ 59.78
17:12:43 - INFO - 2024-06-21: BUY PE @ 146.59
17:12:43 - INFO - 2024-06-21: SELL NIFTY27JUN2423600CE @ 138.71
17:12:43 - INFO - 2024-06-24: BUY CE @ 113.42
17:12:43 - INFO - 2024-06-24: SELL NIFTY27JUN2423500PE @ 192.93
17:12:43 - INFO - 2024-06-25: BUY CE @ 86.38
17:12:43 - INFO - 2024-06-25: SELL NIFTY27JUN2423550CE @ 118.59
17:12:43 - INFO - 2024-06-26: BUY CE @ 63.96
17:12:43 - INFO - 2024-06-26: SELL NIFTY27JUN2423750CE @ 82.44
17:12:43 - WARNING - 2024-06-27: No matching CE instrument found
17:12:43 - INFO - 2024-06-27: SELL NIFTY27JUN2423900CE @ 39.41
17:12:43 - INFO - 2024-06-28: BUY PE @ 121.23
17:12:43 - INFO - 2024-07-01: BUY CE @ 121.29
17:12:43 - INFO - 2024-07-01: SELL NIFTY04JUL2424000PE @ 118.58
17:12:43 - INFO - 2024-07-02: BUY PE @ 85.64
17:12:43 - INFO - 2024-07-02: SELL NIFTY04JUL2424150CE @ 139.38
17:12:43 - INFO - 2024-07-03: BUY CE @ 70.67
17:12:43 - INFO - 2024-07-03: SELL NIFTY04JUL2424100PE @ 42.42
17:12:43 - INFO - 2024-07-04: BUY PE @ 128.69
17:12:43 - INFO - 2024-07-04: SELL NIFTY04JUL2424300CE @ 82.22
17:12:43 - INFO - 2024-07-05: BUY CE @ 124.87
17:12:43 - INFO - 2024-07-05: SELL NIFTY11JUL2424300PE @ 154.24
17:12:43 - INFO - 2024-07-08: BUY CE @ 119.51
17:12:43 - INFO - 2024-07-08: SELL NIFTY11JUL2424350CE @ 93.04
17:12:43 - INFO - 2024-07-09: BUY CE @ 83.38
17:12:43 - INFO - 2024-07-09: SELL NIFTY11JUL2424300CE @ 132.65
17:12:43 - INFO - 2024-07-10: BUY PE @ 92.53
17:12:43 - INFO - 2024-07-10: SELL NIFTY11JUL2424450CE @ 70.44
17:12:43 - INFO - 2024-07-11: BUY PE @ 112.98
17:12:43 - INFO - 2024-07-11: SELL NIFTY11JUL2424350PE @ 44.43
17:12:43 - INFO - 2024-07-12: BUY CE @ 127.97
17:12:43 - INFO - 2024-07-12: SELL NIFTY18JUL2424350PE @ 94.78
17:12:43 - INFO - 2024-07-15: BUY CE @ 101.56
17:12:43 - INFO - 2024-07-15: SELL NIFTY18JUL2424500CE @ 154.68
17:12:43 - INFO - 2024-07-16: BUY PE @ 58.20
17:12:43 - INFO - 2024-07-16: SELL NIFTY18JUL2424600CE @ 102.92
17:12:43 - INFO - 2024-07-18: BUY CE @ 232.91
17:12:43 - INFO - 2024-07-18: SELL NIFTY18JUL2424600PE @ 67.41
17:12:43 - INFO - 2024-07-19: BUY PE @ 244.60
17:12:43 - INFO - 2024-07-19: SELL NIFTY25JUL2424800CE @ 209.03
17:12:43 - INFO - 2024-07-22: BUY CE @ 218.72
17:12:43 - INFO - 2024-07-22: SELL NIFTY25JUL2424550PE @ 309.81
17:12:43 - INFO - 2024-07-23: BUY PE @ 115.88
17:12:43 - INFO - 2024-07-23: SELL NIFTY25JUL2424500CE @ 223.36
17:12:43 - INFO - 2024-07-24: BUY PE @ 73.36
17:12:43 - INFO - 2024-07-24: SELL NIFTY25JUL2424450PE @ 116.87
17:12:43 - WARNING - 2024-07-25: No matching CE instrument found
17:12:43 - INFO - 2024-07-25: SELL NIFTY25JUL2424400PE @ 192.90
17:12:43 - INFO - 2024-07-26: BUY CE @ 142.18
17:12:43 - INFO - 2024-07-29: BUY PE @ 110.96
17:12:43 - INFO - 2024-07-29: SELL NIFTY01AUG2424850CE @ 198.98
17:12:43 - INFO - 2024-07-30: BUY CE @ 116.01
17:12:43 - INFO - 2024-07-30: SELL NIFTY01AUG2424850PE @ 117.62
17:12:43 - INFO - 2024-07-31: BUY CE @ 88.88
17:12:43 - INFO - 2024-07-31: SELL NIFTY01AUG2424850CE @ 126.15
17:12:43 - INFO - 2024-08-01: BUY PE @ 154.81
17:12:43 - INFO - 2024-08-01: SELL NIFTY01AUG2424950CE @ 117.82
17:12:43 - INFO - 2024-08-02: BUY PE @ 157.46
17:12:43 - INFO - 2024-08-02: SELL NIFTY08AUG2425000PE @ 265.21
17:12:43 - INFO - 2024-08-05: BUY PE @ 208.03
17:12:43 - INFO - 2024-08-05: SELL NIFTY08AUG2424700PE @ 408.77
17:12:43 - INFO - 2024-08-06: BUY PE @ 133.80
17:12:43 - INFO - 2024-08-06: SELL NIFTY08AUG2424050PE @ 60.85
17:12:43 - INFO - 2024-08-07: BUY CE @ 110.13
17:12:43 - INFO - 2024-08-07: SELL NIFTY08AUG2424000PE @ 28.65
17:12:43 - INFO - 2024-08-08: BUY PE @ 198.19
17:12:43 - ERROR - Exit failed for NIFTY08AUG2424300CE on 2024-08-08, pls discard this row
17:12:43 - INFO - 2024-08-09: BUY CE @ 158.41
17:12:43 - INFO - 2024-08-09: SELL NIFTY14AUG2424100PE @ 73.88
17:12:43 - INFO - 2024-08-12: BUY CE @ 118.09
17:12:43 - INFO - 2024-08-12: SELL NIFTY14AUG2424350CE @ 124.62
17:12:43 - INFO - 2024-08-13: BUY PE @ 90.14
17:12:43 - INFO - 2024-08-13: SELL NIFTY14AUG2424350CE @ 102.27
17:12:43 - INFO - 2024-08-14: BUY CE @ 190.68
17:12:43 - INFO - 2024-08-14: SELL NIFTY14AUG2424150PE @ 65.20
17:12:43 - INFO - 2024-08-16: BUY CE @ 137.57
17:12:43 - INFO - 2024-08-16: SELL NIFTY22AUG2424150CE @ 278.59
17:12:43 - INFO - 2024-08-19: BUY PE @ 121.02
17:12:43 - INFO - 2024-08-19: SELL NIFTY22AUG2424550CE @ 170.27
17:12:43 - INFO - 2024-08-20: BUY CE @ 83.97
17:12:43 - INFO - 2024-08-20: SELL NIFTY22AUG2424600PE @ 89.87
17:12:43 - INFO - 2024-08-21: BUY CE @ 68.53
17:12:43 - INFO - 2024-08-21: SELL NIFTY22AUG2424700CE @ 76.11
17:12:43 - INFO - 2024-08-22: BUY PE @ 116.53
17:12:43 - INFO - 2024-08-22: SELL NIFTY22AUG2424750CE @ 90.78
17:12:43 - INFO - 2024-08-23: BUY CE @ 161.06
17:12:43 - INFO - 2024-08-23: SELL NIFTY29AUG2424800PE @ 125.22
17:12:43 - INFO - 2024-08-26: BUY CE @ 129.55
17:12:43 - INFO - 2024-08-26: SELL NIFTY29AUG2424800CE @ 179.56
17:12:43 - INFO - 2024-08-27: BUY CE @ 90.43
17:12:43 - INFO - 2024-08-27: SELL NIFTY29AUG2425000CE @ 112.18
17:12:43 - INFO - 2024-08-28: BUY CE @ 50.71
17:12:43 - INFO - 2024-08-28: SELL NIFTY29AUG2425000CE @ 85.09
17:12:43 - WARNING - 2024-08-29: No matching CE instrument found
17:12:43 - INFO - 2024-08-29: SELL NIFTY29AUG2425050CE @ 41.20
17:12:43 - INFO - 2024-08-30: BUY CE @ 148.08
17:12:43 - INFO - 2024-09-02: BUY PE @ 120.00
17:12:43 - INFO - 2024-09-02: SELL NIFTY05SEP2425250CE @ 152.94
17:12:43 - INFO - 2024-09-03: BUY CE @ 75.48
17:12:43 - INFO - 2024-09-03: SELL NIFTY05SEP2425300PE @ 119.51
17:12:43 - INFO - 2024-09-04: BUY CE @ 56.84
17:12:43 - INFO - 2024-09-04: SELL NIFTY05SEP2425300CE @ 24.37
17:12:43 - INFO - 2024-09-05: BUY PE @ 124.72
17:12:43 - INFO - 2024-09-05: SELL NIFTY05SEP2425200CE @ 69.35
17:12:43 - INFO - 2024-09-06: BUY PE @ 140.57
17:12:43 - INFO - 2024-09-06: SELL NIFTY12SEP2425150PE @ 146.37
17:12:43 - INFO - 2024-09-09: BUY CE @ 100.60
17:12:43 - INFO - 2024-09-09: SELL NIFTY12SEP2424850PE @ 164.41
17:12:43 - INFO - 2024-09-10: BUY CE @ 80.48
17:12:43 - INFO - 2024-09-10: SELL NIFTY12SEP2424950CE @ 115.31
17:12:43 - INFO - 2024-09-11: BUY PE @ 70.71
17:12:43 - INFO - 2024-09-11: SELL NIFTY12SEP2425050CE @ 52.94
17:12:43 - INFO - 2024-09-12: BUY CE @ 122.97
17:12:43 - INFO - 2024-09-12: SELL NIFTY12SEP2424900PE @ 16.57
17:12:43 - INFO - 2024-09-13: BUY CE @ 128.57
17:12:43 - INFO - 2024-09-13: SELL NIFTY19SEP2425350CE @ 143.20
17:12:43 - INFO - 2024-09-16: BUY PE @ 104.52
17:12:43 - INFO - 2024-09-16: SELL NIFTY19SEP2425350CE @ 139.11
17:12:43 - INFO - 2024-09-17: BUY CE @ 109.24
17:12:43 - INFO - 2024-09-17: SELL NIFTY19SEP2425400PE @ 110.05
17:12:43 - INFO - 2024-09-18: BUY PE @ 105.04
17:12:43 - INFO - 2024-09-18: SELL NIFTY19SEP2425400CE @ 94.64
17:12:43 - INFO - 2024-09-19: BUY PE @ 126.20
17:12:43 - INFO - 2024-09-19: SELL NIFTY19SEP2425350PE @ 11.47
17:12:43 - INFO - 2024-09-20: BUY CE @ 115.95
17:12:43 - INFO - 2024-09-20: SELL NIFTY26SEP2425400PE @ 94.77
17:12:43 - INFO - 2024-09-23: BUY CE @ 106.40
17:12:43 - INFO - 2024-09-23: SELL NIFTY26SEP2425800CE @ 196.40
17:12:43 - INFO - 2024-09-24: BUY CE @ 96.49
17:12:43 - INFO - 2024-09-24: SELL NIFTY26SEP2425950CE @ 103.81
17:12:43 - INFO - 2024-09-25: BUY CE @ 69.94
17:12:43 - INFO - 2024-09-25: SELL NIFTY26SEP2425950CE @ 73.20
17:12:43 - WARNING - 2024-09-26: No matching CE instrument found
17:12:43 - INFO - 2024-09-26: SELL NIFTY26SEP2426000CE @ 75.14
17:12:43 - INFO - 2024-09-27: BUY PE @ 109.86
17:12:43 - INFO - 2024-09-30: BUY PE @ 95.34
17:12:43 - INFO - 2024-09-30: SELL NIFTY03OCT2426200PE @ 153.02
17:12:43 - INFO - 2024-10-01: BUY PE @ 66.26
17:12:43 - INFO - 2024-10-01: SELL NIFTY03OCT2425800PE @ 65.23
17:12:43 - INFO - 2024-10-03: BUY PE @ 137.75
17:12:43 - INFO - 2024-10-03: SELL NIFTY03OCT2425800PE @ 256.26
17:12:43 - INFO - 2024-10-04: BUY PE @ 166.90
17:12:43 - INFO - 2024-10-04: SELL NIFTY10OCT2425250PE @ 171.88
17:12:43 - INFO - 2024-10-07: BUY PE @ 153.29
17:12:43 - INFO - 2024-10-07: SELL NIFTY10OCT2425000PE @ 102.18
17:12:43 - INFO - 2024-10-08: BUY CE @ 125.49
17:12:43 - INFO - 2024-10-08: SELL NIFTY10OCT2424800PE @ 182.56
17:12:43 - INFO - 2024-10-09: BUY PE @ 92.10
17:12:43 - INFO - 2024-10-09: SELL NIFTY10OCT2425000CE @ 139.23
17:12:43 - INFO - 2024-10-10: BUY PE @ 155.36
17:12:43 - INFO - 2024-10-10: SELL NIFTY10OCT2425000PE @ 51.34
17:12:43 - INFO - 2024-10-11: BUY CE @ 154.35
17:12:43 - INFO - 2024-10-11: SELL NIFTY17OCT2425000PE @ 162.04
17:12:43 - INFO - 2024-10-14: BUY CE @ 106.32
17:12:43 - INFO - 2024-10-14: SELL NIFTY17OCT2424950CE @ 185.23
17:12:43 - INFO - 2024-10-15: BUY PE @ 97.94
17:12:43 - INFO - 2024-10-15: SELL NIFTY17OCT2425150CE @ 125.98
17:12:43 - INFO - 2024-10-16: BUY PE @ 54.45
17:12:43 - INFO - 2024-10-16: SELL NIFTY17OCT2425050PE @ 109.69
17:12:43 - INFO - 2024-10-17: BUY PE @ 142.25
17:12:43 - INFO - 2024-10-17: SELL NIFTY17OCT2424950PE @ 44.85
17:12:43 - INFO - 2024-10-18: BUY CE @ 157.84
17:12:43 - INFO - 2024-10-18: SELL NIFTY24OCT2424750PE @ 210.13
17:12:43 - INFO - 2024-10-21: BUY PE @ 147.89
17:12:43 - INFO - 2024-10-21: SELL NIFTY24OCT2424850CE @ 190.40
17:12:43 - INFO - 2024-10-22: BUY PE @ 98.31
17:12:43 - INFO - 2024-10-22: SELL NIFTY24OCT2424800PE @ 123.02
17:12:43 - INFO - 2024-10-23: BUY PE @ 87.29
17:12:43 - INFO - 2024-10-23: SELL NIFTY24OCT2424450PE @ 106.50
17:12:43 - WARNING - 2024-10-24: No matching PE instrument found
17:12:43 - INFO - 2024-10-24: SELL NIFTY24OCT2424450PE @ 63.16
17:12:43 - INFO - 2024-10-25: BUY PE @ 142.68
17:12:43 - INFO - 2024-10-28: BUY CE @ 116.71
17:12:43 - INFO - 2024-10-28: SELL NIFTY31OCT2424200PE @ 109.48
17:12:43 - INFO - 2024-10-29: BUY CE @ 98.30
17:12:43 - INFO - 2024-10-29: SELL NIFTY31OCT2424350CE @ 103.78
17:12:43 - INFO - 2024-10-30: BUY PE @ 62.63
17:12:43 - INFO - 2024-10-30: SELL NIFTY31OCT2424450CE @ 69.52
17:12:43 - INFO - 2024-10-31: BUY PE @ 188.38
17:12:43 - INFO - 2024-10-31: SELL NIFTY31OCT2424350PE @ 94.21
17:12:43 - INFO - 2024-11-04: BUY PE @ 190.81
17:12:43 - INFO - 2024-11-04: SELL NIFTY07NOV2424200PE @ 210.65
17:12:43 - INFO - 2024-11-05: BUY CE @ 146.26
17:12:43 - INFO - 2024-11-05: SELL NIFTY07NOV2424000PE @ 211.90
17:12:43 - INFO - 2024-11-06: BUY CE @ 67.53
17:12:43 - INFO - 2024-11-06: SELL NIFTY07NOV2424200CE @ 168.94
17:12:43 - INFO - 2024-11-07: BUY PE @ 170.46
17:12:43 - INFO - 2024-11-07: SELL NIFTY07NOV2424500CE @ 38.91
17:12:43 - INFO - 2024-11-08: BUY CE @ 155.60
17:12:43 - INFO - 2024-11-08: SELL NIFTY14NOV2424200PE @ 206.90
17:12:43 - INFO - 2024-11-11: BUY CE @ 117.06
17:12:43 - INFO - 2024-11-11: SELL NIFTY14NOV2424150CE @ 93.99
17:12:43 - INFO - 2024-11-12: BUY PE @ 87.43
17:12:43 - INFO - 2024-11-12: SELL NIFTY14NOV2424150CE @ 147.11
17:12:43 - INFO - 2024-11-13: BUY PE @ 92.04
17:12:43 - INFO - 2024-11-13: SELL NIFTY14NOV2423850PE @ 112.13
17:12:43 - INFO - 2024-11-14: BUY PE @ 139.15
17:12:43 - INFO - 2024-11-14: SELL NIFTY14NOV2423600PE @ 97.70
17:12:43 - INFO - 2024-11-18: BUY PE @ 110.78
17:12:43 - INFO - 2024-11-18: SELL NIFTY21NOV2423550PE @ 140.79
17:12:43 - INFO - 2024-11-19: BUY PE @ 124.62
17:12:43 - INFO - 2024-11-19: SELL NIFTY21NOV2423450PE @ 62.21
17:12:43 - INFO - 2024-11-21: BUY PE @ 189.02
17:12:43 - INFO - 2024-11-21: SELL NIFTY21NOV2423500PE @ 199.60
17:12:43 - INFO - 2024-11-22: BUY CE @ 179.30
17:12:43 - INFO - 2024-11-22: SELL NIFTY28NOV2423350PE @ 143.22
17:12:43 - INFO - 2024-11-25: BUY PE @ 125.43
17:12:43 - INFO - 2024-11-25: SELL NIFTY28NOV2423900CE @ 444.14
17:12:43 - INFO - 2024-11-26: BUY PE @ 105.10
17:12:43 - INFO - 2024-11-26: SELL NIFTY28NOV2424250PE @ 114.68
17:12:43 - INFO - 2024-11-27: BUY CE @ 105.34
17:12:43 - INFO - 2024-11-27: SELL NIFTY28NOV2424200PE @ 97.68
17:12:43 - INFO - 2024-11-28: BUY PE @ 152.02
17:12:43 - INFO - 2024-11-28: SELL NIFTY28NOV2424250CE @ 103.03
17:12:43 - INFO - 2024-11-29: BUY CE @ 177.37
17:12:43 - INFO - 2024-11-29: SELL NIFTY05DEC2423950PE @ 150.23
17:12:43 - INFO - 2024-12-02: BUY CE @ 179.63
17:12:43 - INFO - 2024-12-02: SELL NIFTY05DEC2424150CE @ 123.30
17:12:43 - INFO - 2024-12-03: BUY CE @ 122.51
17:12:43 - INFO - 2024-12-03: SELL NIFTY05DEC2424250CE @ 203.12
17:12:43 - INFO - 2024-12-04: BUY CE @ 96.91
17:12:43 - INFO - 2024-12-04: SELL NIFTY05DEC2424450CE @ 131.55
17:12:43 - INFO - 2024-12-05: BUY CE @ 202.30
17:12:43 - INFO - 2024-12-05: SELL NIFTY05DEC2424500CE @ 106.90
17:12:43 - INFO - 2024-12-06: BUY PE @ 179.10
17:12:43 - INFO - 2024-12-06: SELL NIFTY12DEC2424750CE @ 212.12
17:12:43 - INFO - 2024-12-09: BUY PE @ 142.23
17:12:43 - INFO - 2024-12-09: SELL NIFTY12DEC2424700PE @ 195.66
17:12:43 - INFO - 2024-12-10: BUY PE @ 121.11
17:12:43 - INFO - 2024-12-10: SELL NIFTY12DEC2424600PE @ 127.57
17:12:43 - INFO - 2024-12-11: BUY CE @ 61.24
17:12:43 - INFO - 2024-12-11: SELL NIFTY12DEC2424600PE @ 100.36
17:12:43 - INFO - 2024-12-12: BUY PE @ 142.64
17:12:43 - INFO - 2024-12-12: SELL NIFTY12DEC2424650CE @ 32.69
17:12:43 - INFO - 2024-12-13: BUY CE @ 153.41
17:12:43 - INFO - 2024-12-13: SELL NIFTY19DEC2424550PE @ 186.70
17:12:43 - INFO - 2024-12-16: BUY PE @ 142.55
17:12:43 - INFO - 2024-12-16: SELL NIFTY19DEC2424750CE @ 135.89
17:12:43 - INFO - 2024-12-17: BUY PE @ 102.87
17:12:43 - INFO - 2024-12-17: SELL NIFTY19DEC2424650PE @ 183.90
17:12:43 - INFO - 2024-12-18: BUY PE @ 73.07
17:12:43 - INFO - 2024-12-18: SELL NIFTY19DEC2424350PE @ 133.38
17:12:43 - INFO - 2024-12-19: BUY PE @ 178.76
17:12:43 - INFO - 2024-12-19: SELL NIFTY19DEC2424200PE @ 254.43
17:12:43 - INFO - 2024-12-20: BUY PE @ 142.70
17:12:43 - INFO - 2024-12-20: SELL NIFTY26DEC2423950PE @ 212.21
17:12:43 - INFO - 2024-12-23: BUY CE @ 112.48
17:12:43 - INFO - 2024-12-23: SELL NIFTY26DEC2423550PE @ 68.30
17:12:43 - INFO - 2024-12-24: BUY PE @ 55.79
17:12:43 - INFO - 2024-12-24: SELL NIFTY26DEC2423750CE @ 85.46
17:12:43 - INFO - 2024-12-26: BUY PE @ 158.62
17:12:43 - INFO - 2024-12-26: SELL NIFTY26DEC2423750PE @ 35.62
17:12:43 - INFO - 2024-12-27: BUY PE @ 108.90
17:12:43 - INFO - 2024-12-27: SELL NIFTY02JAN2523750PE @ 134.36
17:12:43 - INFO - 2024-12-30: BUY PE @ 102.91
17:12:43 - INFO - 2024-12-30: SELL NIFTY02JAN2523800PE @ 128.61
17:12:43 - INFO - 2024-12-31: BUY CE @ 155.43
17:12:43 - INFO - 2024-12-31: SELL NIFTY02JAN2523650PE @ 170.80
17:12:43 - INFO - 2025-01-01: BUY CE @ 142.32
17:12:43 - INFO - 2025-01-01: SELL NIFTY02JAN2523650CE @ 121.39
17:12:43 - INFO - 2025-01-02: BUY CE @ 180.55
17:12:43 - INFO - 2025-01-02: SELL NIFTY02JAN2523750CE @ 140.65
17:12:43 - INFO - 2025-01-03: BUY PE @ 156.44
17:12:43 - INFO - 2025-01-03: SELL NIFTY09JAN2524200CE @ 158.30
17:12:43 - INFO - 2025-01-06: BUY PE @ 181.48
17:12:43 - INFO - 2025-01-06: SELL NIFTY09JAN2524000PE @ 138.96
17:12:43 - INFO - 2025-01-07: BUY PE @ 121.92
17:12:43 - INFO - 2025-01-07: SELL NIFTY09JAN2523600PE @ 105.97
17:12:43 - INFO - 2025-01-08: BUY PE @ 77.44
17:12:43 - INFO - 2025-01-08: SELL NIFTY09JAN2523700PE @ 118.96
17:12:43 - INFO - 2025-01-09: BUY PE @ 163.22
17:12:43 - INFO - 2025-01-09: SELL NIFTY09JAN2523700PE @ 100.65
17:12:43 - INFO - 2025-01-10: BUY PE @ 149.04
17:12:43 - INFO - 2025-01-10: SELL NIFTY16JAN2523550PE @ 162.01
17:12:43 - INFO - 2025-01-13: BUY PE @ 114.55
17:12:43 - INFO - 2025-01-13: SELL NIFTY16JAN2523450PE @ 291.36
17:12:43 - INFO - 2025-01-14: BUY PE @ 70.70
17:12:43 - INFO - 2025-01-14: SELL NIFTY16JAN2523100PE @ 66.65
17:12:43 - INFO - 2025-01-15: BUY PE @ 49.67
17:12:43 - INFO - 2025-01-15: SELL NIFTY16JAN2523200PE @ 55.56
17:12:43 - INFO - 2025-01-16: BUY PE @ 172.27
17:12:43 - INFO - 2025-01-16: SELL NIFTY16JAN2523200PE @ 10.20
17:12:43 - INFO - 2025-01-17: BUY CE @ 184.89
17:12:43 - INFO - 2025-01-17: SELL NIFTY23JAN2523300PE @ 215.76
17:12:43 - INFO - 2025-01-20: BUY CE @ 149.57
17:12:43 - INFO - 2025-01-20: SELL NIFTY23JAN2523200CE @ 195.24
17:12:43 - INFO - 2025-01-21: BUY PE @ 104.22
17:12:43 - INFO - 2025-01-21: SELL NIFTY23JAN2523350CE @ 153.09
17:12:43 - INFO - 2025-01-22: BUY CE @ 67.57
17:12:43 - INFO - 2025-01-22: SELL NIFTY23JAN2523050PE @ 89.26
17:12:43 - INFO - 2025-01-23: BUY CE @ 224.19
17:12:43 - INFO - 2025-01-23: SELL NIFTY23JAN2523150CE @ 29.40
17:12:43 - INFO - 2025-01-24: BUY PE @ 153.17
17:12:43 - INFO - 2025-01-24: SELL NIFTY30JAN2523200CE @ 234.49
17:12:43 - INFO - 2025-01-27: BUY PE @ 152.07
17:12:43 - INFO - 2025-01-27: SELL NIFTY30JAN2523100PE @ 251.27
17:12:43 - INFO - 2025-01-28: BUY CE @ 161.51
17:12:43 - INFO - 2025-01-28: SELL NIFTY30JAN2522850PE @ 96.69
17:12:43 - INFO - 2025-01-29: BUY CE @ 145.20
17:12:43 - INFO - 2025-01-29: SELL NIFTY30JAN2522950CE @ 176.37
17:12:43 - INFO - 2025-01-30: BUY CE @ 360.57
17:12:43 - INFO - 2025-01-30: SELL NIFTY30JAN2523150CE @ 127.31
17:12:43 - INFO - 2025-01-31: BUY CE @ 287.79
17:12:43 - INFO - 2025-01-31: SELL NIFTY06FEB2523250CE @ 364.81
17:12:43 - INFO - 2025-02-03: BUY CE @ 135.07
17:12:43 - INFO - 2025-02-03: SELL NIFTY06FEB2523500CE @ 65.82
17:12:43 - INFO - 2025-02-04: BUY CE @ 69.75
17:12:43 - INFO - 2025-02-04: SELL NIFTY06FEB2523350CE @ 192.63
17:12:43 - INFO - 2025-02-05: BUY PE @ 79.79
17:12:43 - INFO - 2025-02-05: SELL NIFTY06FEB2523750CE @ 85.87
17:12:43 - INFO - 2025-02-06: BUY PE @ 161.84
17:12:43 - INFO - 2025-02-06: SELL NIFTY06FEB2523700PE @ 55.85
17:12:43 - INFO - 2025-02-11: BUY PE @ 117.84
17:12:43 - INFO - 2025-02-11: SELL NIFTY13FEB2523600PE @ 284.27
17:12:43 - INFO - 2025-02-12: BUY CE @ 88.35
17:12:43 - INFO - 2025-02-12: SELL NIFTY13FEB2523100PE @ 121.39
17:12:43 - INFO - 2025-02-13: BUY PE @ 172.07
17:12:43 - INFO - 2025-02-13: SELL NIFTY13FEB2523050CE @ 101.15
17:12:43 - INFO - 2025-02-14: BUY PE @ 163.65
17:12:43 - INFO - 2025-02-14: SELL NIFTY20FEB2523050PE @ 125.90
17:12:43 - INFO - 2025-02-17: BUY CE @ 173.83
17:12:43 - INFO - 2025-02-17: SELL NIFTY20FEB2522950PE @ 253.55
17:12:43 - INFO - 2025-02-18: BUY PE @ 127.11
17:12:43 - INFO - 2025-02-18: SELL NIFTY20FEB2522950CE @ 159.37
17:12:43 - INFO - 2025-02-19: BUY CE @ 74.84
17:12:43 - INFO - 2025-02-19: SELL NIFTY20FEB2522950PE @ 165.71
17:12:43 - INFO - 2025-02-20: BUY CE @ 186.12
17:12:43 - INFO - 2025-02-20: SELL NIFTY20FEB2522950CE @ 42.93
17:12:43 - INFO - 2025-02-21: BUY PE @ 135.43
17:12:43 - INFO - 2025-02-21: SELL NIFTY27FEB2522900CE @ 164.43
17:12:43 - INFO - 2025-02-24: BUY PE @ 77.49
17:12:43 - INFO - 2025-02-24: SELL NIFTY27FEB2522800PE @ 196.06
17:12:43 - INFO - 2025-02-25: BUY PE @ 46.54
17:12:43 - INFO - 2025-02-25: SELL NIFTY27FEB2522550PE @ 76.49
17:12:43 - INFO - 2025-02-27: BUY PE @ 121.07
17:12:43 - INFO - 2025-02-27: SELL NIFTY27FEB2522550PE @ 22.76
17:12:43 - INFO - 2025-02-28: BUY PE @ 110.82
17:12:43 - INFO - 2025-02-28: SELL NIFTY06MAR2522550PE @ 227.19
17:12:43 - INFO - 2025-03-03: BUY PE @ 95.46
17:12:43 - INFO - 2025-03-03: SELL NIFTY06MAR2522100PE @ 72.91
17:12:43 - INFO - 2025-03-04: BUY CE @ 88.15
17:12:43 - INFO - 2025-03-04: SELL NIFTY06MAR2522100PE @ 158.66
17:12:43 - INFO - 2025-03-05: BUY CE @ 69.61
17:12:43 - INFO - 2025-03-05: SELL NIFTY06MAR2522100CE @ 90.31
17:12:43 - INFO - 2025-03-06: BUY CE @ 161.40
17:12:43 - INFO - 2025-03-06: SELL NIFTY06MAR2522350CE @ 110.63
17:12:43 - INFO - 2025-03-07: BUY CE @ 153.77
17:12:43 - INFO - 2025-03-07: SELL NIFTY13MAR2522550CE @ 147.63
17:12:43 - INFO - 2025-03-10: BUY PE @ 116.92
17:12:43 - INFO - 2025-03-10: SELL NIFTY13MAR2522550CE @ 138.33
17:12:43 - INFO - 2025-03-11: BUY CE @ 107.49
17:12:43 - INFO - 2025-03-11: SELL NIFTY13MAR2522450PE @ 184.21
17:12:43 - INFO - 2025-03-12: BUY PE @ 57.41
17:12:43 - INFO - 2025-03-12: SELL NIFTY13MAR2522500CE @ 116.49
17:12:43 - INFO - 2025-03-13: BUY PE @ 126.50
17:12:43 - ERROR - Exit failed for NIFTY13MAR2522450PE on 2025-03-13, pls discard this row
17:12:43 - INFO - 2025-03-17: BUY CE @ 132.89
17:12:43 - INFO - 2025-03-17: SELL NIFTY20MAR2522400PE @ 75.10
17:12:43 - INFO - 2025-03-18: BUY CE @ 100.37
17:12:43 - INFO - 2025-03-18: SELL NIFTY20MAR2522500CE @ 198.01
17:12:43 - INFO - 2025-03-19: BUY CE @ 98.58
17:12:43 - INFO - 2025-03-19: SELL NIFTY20MAR2522850CE @ 105.14
17:12:43 - INFO - 2025-03-20: BUY CE @ 135.20
17:12:43 - INFO - 2025-03-20: SELL NIFTY20MAR2522900CE @ 127.08
17:12:43 - INFO - 2025-03-21: BUY CE @ 142.16
17:12:43 - INFO - 2025-03-21: SELL NIFTY27MAR2523200CE @ 132.96
17:12:43 - INFO - 2025-03-24: BUY CE @ 164.15
17:12:43 - INFO - 2025-03-24: SELL NIFTY27MAR2523350CE @ 215.96
17:12:43 - INFO - 2025-03-25: BUY PE @ 77.28
17:12:43 - INFO - 2025-03-25: SELL NIFTY27MAR2523650CE @ 202.74
17:12:43 - INFO - 2025-03-26: BUY PE @ 71.70
17:12:43 - INFO - 2025-03-26: SELL NIFTY27MAR2523650PE @ 77.69
17:12:43 - INFO - 2025-03-27: BUY CE @ 202.20
17:12:43 - INFO - 2025-03-27: SELL NIFTY27MAR2523500PE @ 82.16
17:12:43 - INFO - 2025-03-28: BUY PE @ 106.13
17:12:43 - INFO - 2025-03-28: SELL NIFTY03APR2523600CE @ 184.82
17:12:43 - INFO - 2025-04-01: BUY PE @ 76.41
17:12:43 - INFO - 2025-04-01: SELL NIFTY03APR2523500PE @ 142.61
17:12:43 - INFO - 2025-04-02: BUY CE @ 56.56
17:12:43 - INFO - 2025-04-02: SELL NIFTY03APR2523150PE @ 68.97
17:12:43 - INFO - 2025-04-03: BUY CE @ 149.49
17:12:43 - INFO - 2025-04-03: SELL NIFTY03APR2523350CE @ 7.24
17:12:43 - INFO - 2025-04-04: BUY PE @ 130.88
17:12:43 - INFO - 2025-04-04: SELL NIFTY09APR2523250CE @ 95.32
17:12:43 - INFO - 2025-04-07: BUY CE @ 335.36
17:12:43 - INFO - 2025-04-07: SELL NIFTY09APR2522900PE @ 738.61
17:12:43 - INFO - 2025-04-08: BUY PE @ 173.88
17:12:43 - INFO - 2025-04-08: SELL NIFTY09APR2522150CE @ 469.35
17:12:43 - INFO - 2025-04-09: BUY PE @ 291.90
17:12:43 - INFO - 2025-04-09: SELL NIFTY09APR2522550PE @ 228.05
17:12:43 - INFO - 2025-04-11: BUY CE @ 280.46
17:12:43 - INFO - 2025-04-11: SELL NIFTY17APR2522400PE @ 109.07
17:12:43 - INFO - 2025-04-15: BUY CE @ 81.58
17:12:43 - INFO - 2025-04-15: SELL NIFTY17APR2522800CE @ 513.17
17:12:43 - INFO - 2025-04-16: BUY CE @ 59.96
17:12:43 - INFO - 2025-04-16: SELL NIFTY17APR2523350CE @ 34.04
17:12:43 - INFO - 2025-04-17: BUY CE @ 192.64
17:12:43 - INFO - 2025-04-17: SELL NIFTY17APR2523450CE @ 19.12
17:12:43 - INFO - 2025-04-21: BUY CE @ 123.89
17:12:43 - INFO - 2025-04-21: SELL NIFTY24APR2523850CE @ 226.83
17:12:43 - INFO - Generated 788 signals
17:12:44 - WARNING - Filtered 9 incomplete trades (no exit)
17:12:44 - INFO - Generating report...
17:12:46 - INFO - Done! Report: BTST_V1_1DEC_GROSS_1.pdf
